searchTerm,user,userLink,created,updated,pageLink,title
GCE n1-highcpu-321,derekmarcotte,https://github.com/derekmarcotte,2016-05-12T02:24:56Z,2017-04-12T11:51:53Z,https://github.com/golang/go/issues/15658,runtime: FreeBSD memory corruption involving fork system call
AWS c4.8xlarge,eN0Rm,https://github.com/eN0Rm,2015-01-15T18:12:56Z,2016-11-02T11:41:57Z,https://github.com/bitcoin/bitcoin/issues/5668,ERROR: ReadBlockFromDisk : Deserialize or I/O error - ReadCompactSize() : size too large
AWS c4.8xlarge,ddoc,https://github.com/ddoc,2015-02-18T03:50:20Z,2015-04-15T17:00:41Z,https://github.com/ddoc/fog-aws/pull/2,[aws|compute] support c4.8xlarge flavor
AWS c4.8xlarge,ddoc,https://github.com/ddoc,2015-02-18T03:52:43Z,2015-04-15T17:00:41Z,https://github.com/fog/fog-aws/pull/56,[aws|compute] support c4.8xlarge flavor
AWS c4.8xlarge,pdehaan,https://github.com/pdehaan,2015-03-06T07:44:52Z,2015-03-07T01:01:33Z,https://github.com/loads/loads-web/issues/60,Maintain list of EC2 instance types and AWS regions
AWS c4.8xlarge,pdehaan,https://github.com/pdehaan,2015-03-07T02:00:09Z,2017-01-04T17:07:50Z,https://github.com/loads/loads-web/issues/62,Add AWS regions and EC2 instance types to front end project builder
AWS c4.8xlarge,tlopatic,https://github.com/tlopatic,2015-05-23T01:14:53Z,2015-05-23T17:18:27Z,https://github.com/prometheus/prometheus/issues/721,0.14.0rc1 hangs on restart
AWS c4.8xlarge,robksawyer,https://github.com/robksawyer,2015-05-29T08:10:02Z,2015-06-18T09:17:06Z,https://github.com/robksawyer/brenda-web/issues/7,Add brenda permission to generated SQS queue?
AWS c4.8xlarge,adwinsky,https://github.com/adwinsky,2015-07-07T12:04:36Z,2015-08-17T23:50:09Z,https://github.com/wg/wrk/issues/147,How did you get over 700k rps?
AWS c4.8xlarge,mariano-perez-rodriguez,https://github.com/mariano-perez-rodriguez,2015-08-05T14:45:14Z,2017-05-02T14:18:20Z,https://github.com/antirez/redis/issues/2715,Two tests failing in unstable
AWS c4.8xlarge,mwillerich,https://github.com/mwillerich,2015-08-15T08:23:17Z,2015-08-15T16:39:04Z,https://github.com/grosser/parallel_tests/issues/427,count wrong when there's more cores than features
AWS c4.8xlarge,asias,https://github.com/asias,2015-09-10T09:31:52Z,2015-09-23T22:19:39Z,https://github.com/scylladb/scylla/issues/333,cassandra-stress: fails with RF = 2 and CL = TWO
AWS c4.8xlarge,asias,https://github.com/asias,2015-09-21T05:53:05Z,2015-10-28T21:30:34Z,https://github.com/scylladb/scylla/issues/380,our latest ami coredump with c-s
AWS c4.8xlarge,catsby,https://github.com/catsby,2015-09-22T16:43:52Z,2015-09-23T21:36:30Z,https://github.com/hashicorp/nomad/pull/77,Network Fingerprinting 
AWS c4.8xlarge,gleb-cloudius,https://github.com/gleb-cloudius,2015-09-24T13:27:01Z,2015-10-20T12:18:12Z,https://github.com/scylladb/scylla/issues/403,gossip cannot rejoin a node
AWS c4.8xlarge,kahing,https://github.com/kahing,2015-10-21T19:30:42Z,2015-12-01T23:39:59Z,https://github.com/kahing/goofys/issues/21,investigate doing multi-part prefetch for read
AWS c4.8xlarge,fccoelho,https://github.com/fccoelho,2015-11-17T22:51:19Z,2016-10-05T12:23:19Z,https://github.com/RaRe-Technologies/gensim/issues/532,Doc2vec not parallelizing
AWS c4.8xlarge,BSick7,https://github.com/BSick7,2015-12-02T13:39:41Z,2015-12-11T22:54:13Z,https://github.com/hashicorp/nomad/issues/525,Nomad client deregistering from consul
AWS c4.8xlarge,larsbergstrom,https://github.com/larsbergstrom,2016-01-08T14:43:20Z,2016-04-05T19:25:02Z,https://github.com/servo/saltfs/issues/190,Consider moving to reserved EC2 instances?
AWS c4.8xlarge,nzoschke,https://github.com/nzoschke,2016-01-09T17:27:49Z,2016-10-01T18:59:26Z,https://github.com/convox/rack/issues/246,Validate rack scale instance type input
AWS c4.8xlarge,dtest,https://github.com/dtest,2016-01-14T17:01:19Z,2016-02-15T16:57:06Z,https://github.com/aws/amazon-ecs-cli/issues/64,Certain instance types not supported
AWS c4.8xlarge,davidkretch,https://github.com/davidkretch,2016-02-02T03:07:18Z,2016-03-27T17:16:40Z,https://github.com/davidkretch/bootrlm/issues/1,Support parallel processing of bootstrap replicates
AWS c4.8xlarge,ryanpager,https://github.com/ryanpager,2016-03-02T05:49:44Z,2016-05-11T16:53:01Z,https://github.com/SocketCluster/socketcluster/issues/161,Scaling SocketCluster - Running into problems
AWS c4.8xlarge,greghogan,https://github.com/greghogan,2016-03-17T00:55:27Z,2016-04-13T18:29:56Z,https://github.com/apache/flink/pull/1807,[FLINK-2909] [Gelly] Graph generators
AWS c4.8xlarge,kentor,https://github.com/kentor,2016-04-12T19:05:46Z,2016-04-12T21:29:36Z,https://github.com/aws/aws-sdk-js/issues/960,Uploading ArrayBuffers/ArrayBufferViews are slow in Chrome compared to Firefox
AWS c4.8xlarge,justinsb,https://github.com/justinsb,2016-04-19T14:57:35Z,2017-03-13T22:35:04Z,https://github.com/kubernetes/kubernetes/issues/24472,AWS: Support spot fleet
AWS c4.8xlarge,janjilek,https://github.com/janjilek,2016-04-26T10:57:15Z,2016-06-23T14:18:53Z,https://github.com/orientechnologies/orientdb/issues/6047,Recommended CPU and RAM for ~1000 requests/s
AWS c4.8xlarge,treo,https://github.com/treo,2016-04-28T18:18:30Z,2016-06-03T12:48:07Z,https://github.com/deeplearning4j/libnd4j/issues/151,CPU Performance regression
AWS c4.8xlarge,benbjohnson,https://github.com/benbjohnson,2016-05-09T16:24:47Z,2017-04-10T15:17:17Z,https://github.com/influxdata/influxdb/pull/6585,Parallelize iterators
AWS c4.8xlarge,benbjohnson,https://github.com/benbjohnson,2016-05-11T16:30:13Z,2017-04-10T15:17:18Z,https://github.com/influxdata/influxdb/pull/6598,Parallelize query planning
AWS c4.8xlarge,sebastianvilla,https://github.com/sebastianvilla,2016-05-14T06:43:56Z,2016-05-23T16:33:10Z,https://github.com/docker/dockercloud-agent/issues/14,AWS: Agent does not update instance type changes
GCE n1-highcpu-4,sudhirj,https://github.com/sudhirj,2013-06-05T15:22:13Z,2016-11-10T14:26:31Z,https://github.com/GoogleCloudPlatform/google-cloud-datastore/issues/5,High latency
GCE n1-highcpu-4,paulrossman,https://github.com/paulrossman,2013-08-05T19:30:28Z,2014-06-14T20:31:38Z,https://github.com/chef/knife-google/pull/18,V1beta15 updates
GCE n1-highcpu-4,n3trino,https://github.com/n3trino,2013-09-06T07:20:55Z,2015-05-14T21:46:19Z,https://github.com/AppScale/appscale/issues/717,Manual Service Placement
GCE n1-highcpu-4,bradfitz,https://github.com/bradfitz,2014-09-03T23:19:06Z,2017-02-26T22:59:51Z,https://github.com/golang/go/issues/8643,x/build/builders: move NetBSD builders to GCE
GCE n1-highcpu-4,devoncarew,https://github.com/devoncarew,2014-12-29T19:21:48Z,2015-06-11T19:03:38Z,https://github.com/dart-lang/dart-services/issues/25,Tracking issue for compute engine performance
GCE n1-highcpu-4,bradfitz,https://github.com/bradfitz,2015-01-02T23:10:35Z,2016-06-25T01:57:38Z,https://github.com/golang/go/issues/9491,builders: run Plan 9 builders on GCE
GCE n1-highcpu-4,bgrant0607,https://github.com/bgrant0607,2015-02-13T20:54:16Z,2016-02-10T21:19:08Z,https://github.com/kubernetes/kubernetes/issues/4432,Consider moving events out of etcd
GCE n1-highcpu-4,davidopp,https://github.com/davidopp,2015-02-18T07:08:09Z,2015-06-19T23:40:05Z,https://github.com/kubernetes/kubernetes/issues/4521,Make 99% of API calls return in less than 1s; constant time to number of nodes and pods
GCE n1-highcpu-4,syoyo,https://github.com/syoyo,2015-05-28T06:21:54Z,2015-05-28T10:36:25Z,https://github.com/lighttransport/francine/issues/8,Francine hangs up after the following message.
GCE n1-highcpu-4,Splaktar,https://github.com/Splaktar,2015-08-25T03:17:28Z,2015-09-04T22:41:00Z,https://github.com/gdg-x/hub/issues/43,Deploy Hub to GCE instead of OpenShift
GCE n1-highcpu-4,saswatp,https://github.com/saswatp,2015-09-22T22:57:42Z,2015-09-25T16:21:04Z,https://github.com/mantl/mantl/issues/710,GCE deployment fails - Wrong Zone Information
GCE n1-highcpu-4,mshi,https://github.com/mshi,2015-11-04T17:00:49Z,2017-02-15T22:49:12Z,https://github.com/rethinkdb/rethinkdb/issues/5039,From time to time the database would become unresponsive even though CPU usage is minimal and database r/w is low
GCE n1-highcpu-4,arenoir,https://github.com/arenoir,2016-04-22T21:12:04Z,2017-04-21T23:08:10Z,https://github.com/kubernetes/kubernetes/issues/24687,NFS example does not work on google container engine.  
GCE n1-highcpu-4,derekmarcotte,https://github.com/derekmarcotte,2016-05-12T02:24:56Z,2017-04-12T11:51:53Z,https://github.com/golang/go/issues/15658,runtime: FreeBSD memory corruption involving fork system call
GCE n1-highcpu-4,sohagfan,https://github.com/sohagfan,2016-06-10T22:43:33Z,2016-09-03T18:26:26Z,https://github.com/parse-community/parse-server/issues/2030,Unable to obtain > 40 RPS after migrating to our own Parse server
GCE n1-highcpu-4,spxtr,https://github.com/spxtr,2016-06-21T01:24:50Z,2016-08-19T06:29:11Z,https://github.com/kubernetes/kubernetes/pull/27746,WIP: Rework go builds to use a makefile and containerize the entire process.
GCE n1-highcpu-4,tamird,https://github.com/tamird,2016-08-15T14:35:34Z,2016-08-15T18:07:58Z,https://github.com/golang/go/issues/16701,cmd/go: go test -i -compiler=gccgo does not work if gc standard packages are not installed
GCE n1-highcpu-4,axw,https://github.com/axw,2016-10-03T10:06:37Z,2016-10-05T05:00:48Z,https://github.com/juju/juju/pull/6371,provider/gce: add n1-*-32 instance types
GCE n1-highcpu-4,amoskong,https://github.com/amoskong,2017-02-21T03:37:20Z,2017-03-31T17:22:58Z,https://github.com/scylladb/scylla/issues/2098,commitlog_replayer - error replaying: std::bad_alloc (std::bad_alloc)
GCE n1-highcpu-4,xmedeko,https://github.com/xmedeko,2017-03-31T08:09:20Z,2017-04-05T17:03:12Z,https://github.com/GoogleCloudPlatform/gsutil/issues/420,Use batch operation (delete)
AWS c4.2xlarge,dbaldwin,https://github.com/dbaldwin,2014-12-27T00:05:30Z,2016-12-27T15:04:10Z,https://github.com/OpenDroneMap/OpenDroneMap/issues/28,Error code 35072
AWS c4.2xlarge,aztlan2k,https://github.com/aztlan2k,2015-02-08T01:32:38Z,2017-02-13T01:11:03Z,https://github.com/locustio/locust/issues/242,recommended AWS EC2 instance types?
AWS c4.2xlarge,pdehaan,https://github.com/pdehaan,2015-03-06T07:44:52Z,2015-03-07T01:01:33Z,https://github.com/loads/loads-web/issues/60,Maintain list of EC2 instance types and AWS regions
AWS c4.2xlarge,pdehaan,https://github.com/pdehaan,2015-03-07T02:00:09Z,2017-01-04T17:07:50Z,https://github.com/loads/loads-web/issues/62,Add AWS regions and EC2 instance types to front end project builder
AWS c4.2xlarge,johnjelinek,https://github.com/johnjelinek,2015-04-17T18:03:02Z,2017-03-31T22:02:03Z,https://github.com/hashicorp/terraform/issues/1579,Stop instances
AWS c4.2xlarge,U-lis,https://github.com/U-lis,2015-05-12T07:13:07Z,2015-05-14T01:50:54Z,https://github.com/boto/botocore/issues/534,aws ec2 describe-spot-price-history --start-time/--end-time does not work
AWS c4.2xlarge,robksawyer,https://github.com/robksawyer,2015-05-29T08:10:02Z,2015-06-18T09:17:06Z,https://github.com/robksawyer/brenda-web/issues/7,Add brenda permission to generated SQS queue?
AWS c4.2xlarge,stefancocora,https://github.com/stefancocora,2015-05-29T15:00:17Z,2016-03-25T17:55:06Z,https://github.com/hashicorp/terraform/issues/2136,provider/aws: iam_instance_profile not ready when TF creates the LaunchConfig of an ASG
AWS c4.2xlarge,phobologic,https://github.com/phobologic,2015-06-04T23:45:02Z,2015-06-10T17:34:13Z,https://github.com/moby/moby/issues/13753,docker 1.7 events api reporting last 64 events causes issues
AWS c4.2xlarge,nathanleclaire,https://github.com/nathanleclaire,2015-06-12T20:34:18Z,2015-06-12T23:09:23Z,https://github.com/moby/moby/issues/13917,[1.7rc2] Relatively frequent error response from daemon trying to start container: "Link not found"
AWS c4.2xlarge,kilodalton,https://github.com/kilodalton,2015-07-13T20:20:10Z,2015-11-01T00:21:30Z,https://github.com/ClinGen/clincoded/issues/79,Update to Postgres 9.4
AWS c4.2xlarge,mrdavidlaing,https://github.com/mrdavidlaing,2015-07-20T09:17:55Z,2015-07-22T08:56:07Z,https://github.com/sacheendra/es_benchmark/issues/1,100,000 /sec is... a lot -> ES tweaks?
AWS c4.2xlarge,kilodalton,https://github.com/kilodalton,2015-07-27T21:25:45Z,2015-07-28T16:58:14Z,https://github.com/ClinGen/clincoded/pull/136,Connects to #79 kd postgres94
AWS c4.2xlarge,drnic,https://github.com/drnic,2015-08-10T16:52:33Z,2015-08-28T01:10:15Z,https://github.com/cloudfoundry/bosh/issues/917,[aws] bosh deploy is showing a diff in resource pools: ephemeral_disk.instance_type
AWS c4.2xlarge,matej-prokop,https://github.com/matej-prokop,2015-08-19T12:29:24Z,2017-02-15T16:16:29Z,https://github.com/awslabs/amazon-kinesis-producer/issues/21,KPL native binaries consume all memory => crash
AWS c4.2xlarge,jaschenk,https://github.com/jaschenk,2015-09-15T20:59:01Z,2016-05-13T13:47:20Z,https://github.com/orientechnologies/orientdb/issues/4971,OrientDB 1.7.10 community under load will Hang Clients
AWS c4.2xlarge,davedash,https://github.com/davedash,2015-10-14T22:17:22Z,2016-10-27T15:28:20Z,https://github.com/hashicorp/terraform/issues/3506,String interpolation not working until resources are created.
AWS c4.2xlarge,dwradcliffe,https://github.com/dwradcliffe,2015-10-19T20:35:59Z,2017-01-09T19:11:37Z,https://github.com/hashicorp/terraform/issues/3555,ignore_changes doesn't seem to work
AWS c4.2xlarge,shamasis,https://github.com/shamasis,2015-12-04T11:45:52Z,2016-08-08T14:10:12Z,https://github.com/socketio/socket.io/issues/2333,Question: What could be the possible reasons for socket-io server returning 400 Bad Request via nginx?
AWS c4.2xlarge,larsbergstrom,https://github.com/larsbergstrom,2016-01-08T14:43:20Z,2016-04-05T19:25:02Z,https://github.com/servo/saltfs/issues/190,Consider moving to reserved EC2 instances?
AWS c4.2xlarge,nzoschke,https://github.com/nzoschke,2016-01-09T17:27:49Z,2016-10-01T18:59:26Z,https://github.com/convox/rack/issues/246,Validate rack scale instance type input
AWS c4.2xlarge,dtest,https://github.com/dtest,2016-01-14T17:01:19Z,2016-02-15T16:57:06Z,https://github.com/aws/amazon-ecs-cli/issues/64,Certain instance types not supported
AWS c4.2xlarge,sacheendra,https://github.com/sacheendra,2016-02-15T18:27:36Z,2016-02-16T08:41:02Z,https://github.com/elastic/elasticsearch/issues/16681,Observing 6x slowdown while indexing documents on upgrading from 1.7 to 2.2
AWS c4.2xlarge,Bongsakorn,https://github.com/Bongsakorn,2016-02-18T04:25:10Z,2017-03-16T23:03:29Z,https://github.com/pinterest/secor/issues/182,How to scale
AWS c4.2xlarge,phobologic,https://github.com/phobologic,2016-02-22T22:43:11Z,2016-07-17T00:16:35Z,https://github.com/moby/moby/issues/20586,Huge memory usage, unresponsive daemon (docker 1.10.1, ubuntu 14.04)
AWS c4.2xlarge,jianhuawuchn,https://github.com/jianhuawuchn,2016-03-15T06:15:12Z,2016-06-16T19:34:44Z,https://github.com/hashicorp/terraform/issues/5632,add or remove 'resource "aws_instance"' destroys existing ec2 instance
AWS c4.2xlarge,carlsverre,https://github.com/carlsverre,2016-03-21T19:51:54Z,2016-04-18T17:17:21Z,https://github.com/hashicorp/nomad/issues/953,Trying to read logs from other nodes in the cluster
AWS c4.2xlarge,kotfic,https://github.com/kotfic,2016-03-23T12:23:52Z,2016-05-02T17:25:37Z,https://github.com/OpenGeoscience/nex/pull/34,Aws deploy v2
AWS c4.2xlarge,ajordens,https://github.com/ajordens,2016-04-01T00:48:22Z,2016-04-01T07:20:41Z,https://github.com/spinnaker/clouddriver/pull/496,Fix block device mappings when cloning asg
AWS c4.2xlarge,xidianwlc,https://github.com/xidianwlc,2016-04-08T08:24:13Z,2016-11-28T19:13:01Z,https://github.com/moby/moby/issues/21880,cpu load is too high 
AWS c4.4xlarge,dbaldwin,https://github.com/dbaldwin,2014-12-27T00:05:30Z,2016-12-27T15:04:10Z,https://github.com/OpenDroneMap/OpenDroneMap/issues/28,Error code 35072
AWS c4.4xlarge,ppf2,https://github.com/ppf2,2015-01-09T23:10:42Z,2015-06-03T11:19:45Z,https://github.com/elastic/elasticsearch/issues/9226,Shard stuck in relocating state with recovery stage=translog
AWS c4.4xlarge,pdehaan,https://github.com/pdehaan,2015-03-06T07:44:52Z,2015-03-07T01:01:33Z,https://github.com/loads/loads-web/issues/60,Maintain list of EC2 instance types and AWS regions
AWS c4.4xlarge,pdehaan,https://github.com/pdehaan,2015-03-07T02:00:09Z,2017-01-04T17:07:50Z,https://github.com/loads/loads-web/issues/62,Add AWS regions and EC2 instance types to front end project builder
AWS c4.4xlarge,U-lis,https://github.com/U-lis,2015-05-12T07:13:07Z,2015-05-14T01:50:54Z,https://github.com/boto/botocore/issues/534,aws ec2 describe-spot-price-history --start-time/--end-time does not work
AWS c4.4xlarge,methane,https://github.com/methane,2015-05-23T18:27:26Z,2016-06-25T02:09:26Z,https://github.com/golang/go/issues/10941,runtime: random fatal errors in runtime
AWS c4.4xlarge,robksawyer,https://github.com/robksawyer,2015-05-29T08:10:02Z,2015-06-18T09:17:06Z,https://github.com/robksawyer/brenda-web/issues/7,Add brenda permission to generated SQS queue?
AWS c4.4xlarge,macarenomarco,https://github.com/macarenomarco,2015-07-22T02:57:48Z,2015-08-13T20:54:33Z,https://github.com/gatling/gatling/issues/2773,Requests get dropped silently when logging to file
AWS c4.4xlarge,robbyt,https://github.com/robbyt,2015-08-03T03:49:13Z,2017-01-31T21:11:44Z,https://github.com/aws/amazon-ecs-agent/issues/155,Way to disable per-container memory limit in task definition
AWS c4.4xlarge,pierrevocat,https://github.com/pierrevocat,2015-09-07T13:13:02Z,2016-08-10T08:24:50Z,https://github.com/etsy/statsd/issues/540,Statsd-proxy missing metrics
AWS c4.4xlarge,barkasn,https://github.com/barkasn,2015-10-03T15:56:03Z,2015-11-04T20:27:09Z,https://github.com/alexdobin/STAR/issues/75,packing SA std::bad_alloc
AWS c4.4xlarge,jenspinney,https://github.com/jenspinney,2015-10-29T21:53:19Z,2016-04-21T21:24:10Z,https://github.com/coreos/etcd/issues/3779,Rapid leader elections and request timeouts causing write failures
AWS c4.4xlarge,infojunkie,https://github.com/infojunkie,2015-11-09T18:40:08Z,2017-02-09T17:07:32Z,https://github.com/tensorflow/tensorflow/issues/25,Cuda 3.0?
AWS c4.4xlarge,larsbergstrom,https://github.com/larsbergstrom,2016-01-08T14:43:20Z,2016-04-05T19:25:02Z,https://github.com/servo/saltfs/issues/190,Consider moving to reserved EC2 instances?
AWS c4.4xlarge,nzoschke,https://github.com/nzoschke,2016-01-09T17:27:49Z,2016-10-01T18:59:26Z,https://github.com/convox/rack/issues/246,Validate rack scale instance type input
AWS c4.4xlarge,dtest,https://github.com/dtest,2016-01-14T17:01:19Z,2016-02-15T16:57:06Z,https://github.com/aws/amazon-ecs-cli/issues/64,Certain instance types not supported
AWS c4.4xlarge,clkao,https://github.com/clkao,2016-02-03T15:23:14Z,2016-02-03T20:33:29Z,https://github.com/moby/moby/issues/19967,1.10-rc3: failed to push large image layer
AWS c4.4xlarge,thebox-dev,https://github.com/thebox-dev,2016-02-18T17:44:11Z,2016-10-17T09:39:23Z,https://github.com/Graylog2/graylog2-server/issues/1839,Usual input load around 7000 msg/s - output works intermitently
AWS c4.4xlarge,samuelshaner,https://github.com/samuelshaner,2016-02-23T03:57:39Z,2016-05-31T22:34:39Z,https://github.com/mit-crpg/OpenMOC/pull/273,Linear Source Approximation
AWS c4.4xlarge,hridyeshpant,https://github.com/hridyeshpant,2016-03-11T00:43:18Z,2016-07-05T03:18:38Z,https://github.com/aws/amazon-ecs-agent/issues/336,CannotInspectContainerError: Could not transition to inspecting
AWS c4.4xlarge,avloss,https://github.com/avloss,2016-04-12T03:34:45Z,2016-09-07T07:31:52Z,https://github.com/dmlc/xgboost/issues/1105,[jvm-packages] Can't actually build the jvm-package without "-DskipTests" option
AWS c4.4xlarge,justinsb,https://github.com/justinsb,2016-04-19T14:57:35Z,2017-03-13T22:35:04Z,https://github.com/kubernetes/kubernetes/issues/24472,AWS: Support spot fleet
AWS c4.4xlarge,talon-hartmann,https://github.com/talon-hartmann,2016-04-21T12:36:11Z,2017-04-12T14:25:32Z,https://github.com/moby/moby/issues/22226,Sporadic RPC error "containerd: container did not start before the specified timeout"
AWS c4.4xlarge,david-german-tri,https://github.com/david-german-tri,2016-04-27T15:48:05Z,2016-05-18T15:42:51Z,https://github.com/RobotLocomotion/drake/issues/2199,Windows buildslaves not coming up for experimental builds
AWS c4.4xlarge,nodesocket,https://github.com/nodesocket,2016-04-28T21:37:08Z,2017-03-09T06:37:25Z,https://github.com/npm/registry/issues/10,Seeing elevated network read ECONNRESET from AWS
AWS c4.4xlarge,nathanleclaire,https://github.com/nathanleclaire,2016-04-30T01:03:17Z,2016-05-09T18:33:22Z,https://github.com/linuxkit/linuxkit/pull/116,[WIP] Add structure to enable baking Moby Linux AMI
AWS c4.4xlarge,jazzl0ver,https://github.com/jazzl0ver,2016-05-12T11:01:46Z,2017-04-26T11:42:01Z,https://github.com/goadapp/goad/issues/28,General questions
AWS c4.4xlarge,wdm78,https://github.com/wdm78,2016-05-15T17:10:35Z,2016-05-15T19:54:26Z,https://github.com/alces-software/flight-aws-marketplace/issues/51,Launching on AWS m3 instance type generates an error
AWS c4.4xlarge,charvolant,https://github.com/charvolant,2016-05-20T00:50:35Z,2017-05-04T23:40:26Z,https://github.com/AtlasOfLivingAustralia/biocache-store/issues/127,Bulk processing slows down over a large reprocess
AWS c4.4xlarge,wdm78,https://github.com/wdm78,2016-05-23T08:24:42Z,2016-05-24T17:14:25Z,https://github.com/alces-software/flight-aws-marketplace/issues/67,Compute node sizes listed in AWS CFN template might be difficult to understand
GCE n1-highcpu-8,sudhirj,https://github.com/sudhirj,2013-06-05T15:22:13Z,2016-11-10T14:26:31Z,https://github.com/GoogleCloudPlatform/google-cloud-datastore/issues/5,High latency
GCE n1-highcpu-8,n3trino,https://github.com/n3trino,2013-09-06T07:20:55Z,2015-05-14T21:46:19Z,https://github.com/AppScale/appscale/issues/717,Manual Service Placement
GCE n1-highcpu-8,bradfitz,https://github.com/bradfitz,2014-09-03T23:19:06Z,2017-02-26T22:59:51Z,https://github.com/golang/go/issues/8643,x/build/builders: move NetBSD builders to GCE
GCE n1-highcpu-8,devoncarew,https://github.com/devoncarew,2014-12-29T19:21:48Z,2015-06-11T19:03:38Z,https://github.com/dart-lang/dart-services/issues/25,Tracking issue for compute engine performance
GCE n1-highcpu-8,bradfitz,https://github.com/bradfitz,2015-01-02T23:10:35Z,2016-06-25T01:57:38Z,https://github.com/golang/go/issues/9491,builders: run Plan 9 builders on GCE
GCE n1-highcpu-8,bgrant0607,https://github.com/bgrant0607,2015-02-13T20:54:16Z,2016-02-10T21:19:08Z,https://github.com/kubernetes/kubernetes/issues/4432,Consider moving events out of etcd
GCE n1-highcpu-8,davidopp,https://github.com/davidopp,2015-02-18T07:08:09Z,2015-06-19T23:40:05Z,https://github.com/kubernetes/kubernetes/issues/4521,Make 99% of API calls return in less than 1s; constant time to number of nodes and pods
GCE n1-highcpu-8,syoyo,https://github.com/syoyo,2015-05-28T06:21:54Z,2015-05-28T10:36:25Z,https://github.com/lighttransport/francine/issues/8,Francine hangs up after the following message.
GCE n1-highcpu-8,Splaktar,https://github.com/Splaktar,2015-08-25T03:17:28Z,2015-09-04T22:41:00Z,https://github.com/gdg-x/hub/issues/43,Deploy Hub to GCE instead of OpenShift
GCE n1-highcpu-8,saswatp,https://github.com/saswatp,2015-09-22T22:57:42Z,2015-09-25T16:21:04Z,https://github.com/mantl/mantl/issues/710,GCE deployment fails - Wrong Zone Information
GCE n1-highcpu-8,mshi,https://github.com/mshi,2015-11-04T17:00:49Z,2017-02-15T22:49:12Z,https://github.com/rethinkdb/rethinkdb/issues/5039,From time to time the database would become unresponsive even though CPU usage is minimal and database r/w is low
GCE n1-highcpu-8,arenoir,https://github.com/arenoir,2016-04-22T21:12:04Z,2017-04-21T23:08:10Z,https://github.com/kubernetes/kubernetes/issues/24687,NFS example does not work on google container engine.  
GCE n1-highcpu-8,derekmarcotte,https://github.com/derekmarcotte,2016-05-12T02:24:56Z,2017-04-12T11:51:53Z,https://github.com/golang/go/issues/15658,runtime: FreeBSD memory corruption involving fork system call
GCE n1-highcpu-8,sohagfan,https://github.com/sohagfan,2016-06-10T22:43:33Z,2016-09-03T18:26:26Z,https://github.com/parse-community/parse-server/issues/2030,Unable to obtain > 40 RPS after migrating to our own Parse server
GCE n1-highcpu-8,spxtr,https://github.com/spxtr,2016-06-21T01:24:50Z,2016-08-19T06:29:11Z,https://github.com/kubernetes/kubernetes/pull/27746,WIP: Rework go builds to use a makefile and containerize the entire process.
GCE n1-highcpu-8,amoskong,https://github.com/amoskong,2017-02-21T03:37:20Z,2017-03-31T17:22:58Z,https://github.com/scylladb/scylla/issues/2098,commitlog_replayer - error replaying: std::bad_alloc (std::bad_alloc)
GCE n1-highcpu-8,xmedeko,https://github.com/xmedeko,2017-03-31T08:09:20Z,2017-04-05T17:03:12Z,https://github.com/GoogleCloudPlatform/gsutil/issues/420,Use batch operation (delete)
AWS c3.8xlarge,michaelcahill,https://github.com/michaelcahill,2013-05-31T01:42:55Z,2015-04-09T01:07:12Z,https://github.com/wiredtiger/wiredtiger/issues/562,Fix regressions in the LevelDB benchmark
AWS c3.8xlarge,bfeeny,https://github.com/bfeeny,2013-12-11T22:22:52Z,2014-01-25T22:49:32Z,https://github.com/ipython/ipython/issues/4676,Connection time out on long running ipcluster jobs
AWS c3.8xlarge,ajtrichards,https://github.com/ajtrichards,2013-12-16T15:47:14Z,2015-03-10T15:45:50Z,https://github.com/facebook/hhvm/issues/1362,Setup for AWS AMI Hangs compiling TBB
AWS c3.8xlarge,goelvivek,https://github.com/goelvivek,2013-12-18T09:08:51Z,2014-12-16T21:32:15Z,https://github.com/aws/aws-sdk-js/issues/205,Issue with IAM role
AWS c3.8xlarge,solomonty,https://github.com/solomonty,2014-01-15T18:44:21Z,2014-04-20T22:10:38Z,https://github.com/powdahound/ec2instances.info/issues/56,The I/O performance data for the c3 is incorrect
AWS c3.8xlarge,michaelcahill,https://github.com/michaelcahill,2014-02-20T11:23:42Z,2015-04-09T01:58:38Z,https://github.com/wiredtiger/wiredtiger/pull/877,Improve LSM performance with wtperf tests 1-4
AWS c3.8xlarge,danstowell,https://github.com/danstowell,2014-02-27T08:50:34Z,2014-05-12T13:03:34Z,https://github.com/scikit-learn/scikit-learn/issues/2908,segfault after MemoryError() in 'sklearn.tree._tree.Tree._resize'
AWS c3.8xlarge,agorrod,https://github.com/agorrod,2014-03-21T05:12:08Z,2015-04-09T01:07:56Z,https://github.com/wiredtiger/wiredtiger/issues/924,block/extent system walkthrough
AWS c3.8xlarge,lahirus,https://github.com/lahirus,2014-03-27T18:25:21Z,2014-11-11T20:48:56Z,https://github.com/jclouds/jclouds/pull/333,Fixing Jclouds-509
AWS c3.8xlarge,jfirebaugh,https://github.com/jfirebaugh,2014-04-06T23:17:20Z,2016-03-21T08:04:15Z,https://github.com/aws/aws-sdk-js/issues/257,truncated S3 read stream 
AWS c3.8xlarge,jostheim,https://github.com/jostheim,2014-04-11T04:42:06Z,2014-05-22T23:37:25Z,https://github.com/probcomp/BayesDB/issues/21,Using a lot of memory...
AWS c3.8xlarge,interpegasus,https://github.com/interpegasus,2014-05-06T21:17:49Z,2015-01-05T16:24:00Z,https://github.com/aws/opsworks-cookbooks/issues/133,How to increase deploy timeout limit at AWS Opsworks?
AWS c3.8xlarge,depristo,https://github.com/depristo,2014-05-31T14:34:21Z,2014-07-15T15:23:09Z,https://github.com/numpy/numpy/issues/4763,RandomState_ctor accesses /dev/urandom, a significant bottleneck when copying RandomStates
AWS c3.8xlarge,aybabtme,https://github.com/aybabtme,2014-06-11T19:05:13Z,2014-06-12T21:44:45Z,https://github.com/Shopify/brigade/pull/1,Add a command to dump the listing of an S3 bucket.
AWS c3.8xlarge,agorrod,https://github.com/agorrod,2014-06-13T07:26:06Z,2015-04-09T01:08:13Z,https://github.com/wiredtiger/wiredtiger/issues/1068,Multiple databases can achieve greater throughput than a single database
AWS c3.8xlarge,ghost,https://github.com/ghost,2014-09-03T00:19:34Z,2015-10-03T05:53:50Z,https://github.com/chapmanb/bcbio-nextgen/issues/573,Installing bcbio on Amazon Cloud with starcluster
AWS c3.8xlarge,txt3rob,https://github.com/txt3rob,2014-10-03T08:20:39Z,2015-04-07T06:12:17Z,https://github.com/jamesyonan/brenda/issues/11,GPU
AWS c3.8xlarge,mr--white,https://github.com/mr--white,2014-10-09T21:58:46Z,2014-10-10T20:53:55Z,https://github.com/hashicorp/terraform/issues/383,AWS Placement Group resource - feature request
AWS c3.8xlarge,kern3020,https://github.com/kern3020,2014-11-29T02:15:59Z,2014-12-03T10:53:05Z,https://github.com/chapmanb/bcbio-nextgen-vm/issues/39,cancer/normal example fails - errno 15 - ENOTBLK 
AWS c3.8xlarge,slivne,https://github.com/slivne,2015-01-26T12:23:28Z,2015-01-26T12:23:28Z,https://github.com/scylladb/seastar/issues/18,AWS: Memcached using DHCP, SMP throws an Assert on AWS while load is running
AWS c3.8xlarge,romovpa,https://github.com/romovpa,2015-02-01T13:30:15Z,2016-10-05T11:56:26Z,https://github.com/RaRe-Technologies/gensim/issues/288,LdaMulticore doesn't use more than 4 cores when workers=31 (32-core aws machine)
AWS c3.8xlarge,pdehaan,https://github.com/pdehaan,2015-03-06T07:44:52Z,2015-03-07T01:01:33Z,https://github.com/loads/loads-web/issues/60,Maintain list of EC2 instance types and AWS regions
AWS c3.8xlarge,pdehaan,https://github.com/pdehaan,2015-03-07T02:00:09Z,2017-01-04T17:07:50Z,https://github.com/loads/loads-web/issues/62,Add AWS regions and EC2 instance types to front end project builder
AWS c3.8xlarge,sboora,https://github.com/sboora,2015-04-01T16:37:52Z,2015-06-15T19:45:16Z,https://github.com/aws/aws-sdk-js/issues/554,Performance Regression in aws-sdk
AWS c3.8xlarge,cristim,https://github.com/cristim,2015-04-06T14:04:38Z,2017-03-14T14:32:55Z,https://github.com/powdahound/ec2instances.info/issues/109,Feature: Show the current SPOT cost 
AWS c3.8xlarge,tleyden,https://github.com/tleyden,2015-04-15T03:40:23Z,2015-05-15T18:00:47Z,https://github.com/couchbase/sync_gateway/issues/781,Sync Gw perf testing of distributed_cache branch on AWS
AWS c3.8xlarge,joey711,https://github.com/joey711,2015-04-25T01:13:42Z,2015-07-29T05:24:16Z,https://github.com/benjjneb/dada2/issues/17,Memory Allocation Fail
AWS c3.8xlarge,youngm,https://github.com/youngm,2015-04-29T20:45:42Z,2016-12-09T01:19:07Z,https://github.com/hazelcast/hazelcast/issues/5209,IO Thread getting into state where it is never ready to write
AWS c3.8xlarge,brendancol,https://github.com/brendancol,2015-05-08T19:02:25Z,2015-05-10T02:21:19Z,https://github.com/apache/spark/pull/6014,updated ec2 instance types
AWS c3.8xlarge,U-lis,https://github.com/U-lis,2015-05-12T07:13:07Z,2015-05-14T01:50:54Z,https://github.com/boto/botocore/issues/534,aws ec2 describe-spot-price-history --start-time/--end-time does not work
GCE n1-highcpu-16,sudhirj,https://github.com/sudhirj,2013-06-05T15:22:13Z,2016-11-10T14:26:31Z,https://github.com/GoogleCloudPlatform/google-cloud-datastore/issues/5,High latency
GCE n1-highcpu-16,bradfitz,https://github.com/bradfitz,2014-09-03T23:19:06Z,2017-02-26T22:59:51Z,https://github.com/golang/go/issues/8643,x/build/builders: move NetBSD builders to GCE
GCE n1-highcpu-16,adriancole,https://github.com/adriancole,2014-11-06T07:05:30Z,2014-11-06T19:52:35Z,https://github.com/jclouds/jclouds-labs-google/pull/82,GCE is missing ProviderMetadata and locations needed rework.
GCE n1-highcpu-16,bradfitz,https://github.com/bradfitz,2015-01-02T23:10:35Z,2016-06-25T01:57:38Z,https://github.com/golang/go/issues/9491,builders: run Plan 9 builders on GCE
GCE n1-highcpu-16,davidopp,https://github.com/davidopp,2015-02-18T07:08:09Z,2015-06-19T23:40:05Z,https://github.com/kubernetes/kubernetes/issues/4521,Make 99% of API calls return in less than 1s; constant time to number of nodes and pods
GCE n1-highcpu-16,floriangrundig,https://github.com/floriangrundig,2015-05-21T15:14:45Z,2015-05-28T16:01:18Z,https://github.com/mantl/mantl/pull/328,Feature/terraform aws
GCE n1-highcpu-16,syoyo,https://github.com/syoyo,2015-05-28T06:21:54Z,2015-05-28T10:36:25Z,https://github.com/lighttransport/francine/issues/8,Francine hangs up after the following message.
GCE n1-highcpu-16,syoyo,https://github.com/syoyo,2015-06-01T08:19:12Z,2015-07-09T06:16:30Z,https://github.com/lighttransport/francine/issues/10,GCE instance group does not support instances more than 500
GCE n1-highcpu-16,siddharthist,https://github.com/siddharthist,2015-09-09T19:39:47Z,2015-09-23T21:56:00Z,https://github.com/hashicorp/terraform/issues/3199,Terraform 0.6.1 crashes on destroy when GCE account.json is deleted
GCE n1-highcpu-16,saswatp,https://github.com/saswatp,2015-09-22T22:57:42Z,2015-09-25T16:21:04Z,https://github.com/mantl/mantl/issues/710,GCE deployment fails - Wrong Zone Information
GCE n1-highcpu-16,mshi,https://github.com/mshi,2015-11-04T17:00:49Z,2017-02-15T22:49:12Z,https://github.com/rethinkdb/rethinkdb/issues/5039,From time to time the database would become unresponsive even though CPU usage is minimal and database r/w is low
GCE n1-highcpu-16,mcapuccini,https://github.com/mcapuccini,2016-01-18T15:53:16Z,2016-01-18T16:21:51Z,https://github.com/mantl/mantl/issues/1002,Project not found when deploying on google cloud
GCE n1-highcpu-16,mcapuccini,https://github.com/mcapuccini,2016-02-03T16:23:37Z,2016-02-05T18:34:35Z,https://github.com/mantl/mantl/issues/1082,Error creating Google Cloud DNS records
GCE n1-highcpu-16,arenoir,https://github.com/arenoir,2016-04-22T21:12:04Z,2017-04-21T23:08:10Z,https://github.com/kubernetes/kubernetes/issues/24687,NFS example does not work on google container engine.  
GCE n1-highcpu-16,derekmarcotte,https://github.com/derekmarcotte,2016-05-12T02:24:56Z,2017-04-12T11:51:53Z,https://github.com/golang/go/issues/15658,runtime: FreeBSD memory corruption involving fork system call
GCE n1-highcpu-16,spxtr,https://github.com/spxtr,2016-06-21T01:24:50Z,2016-08-19T06:29:11Z,https://github.com/kubernetes/kubernetes/pull/27746,WIP: Rework go builds to use a makefile and containerize the entire process.
GCE n1-highcpu-16,amoskong,https://github.com/amoskong,2017-02-21T03:37:20Z,2017-03-31T17:22:58Z,https://github.com/scylladb/scylla/issues/2098,commitlog_replayer - error replaying: std::bad_alloc (std::bad_alloc)
GCE n1-highcpu-16,xmedeko,https://github.com/xmedeko,2017-03-31T08:09:20Z,2017-04-05T17:03:12Z,https://github.com/GoogleCloudPlatform/gsutil/issues/420,Use batch operation (delete)
AWS c4.xlarge,mohdalif,https://github.com/mohdalif,2014-02-13T13:34:34Z,2017-02-22T04:49:42Z,https://github.com/aws/aws-sdk-php/issues/231,error message: Network interfaces and an instance-level subnet ID may not be specified on the same request
AWS c4.xlarge,uskudnik,https://github.com/uskudnik,2014-08-01T14:50:58Z,2016-10-20T01:09:54Z,https://github.com/aws/aws-sdk-js/issues/329,Memory leak when putting records to Kinesis
AWS c4.xlarge,pdehaan,https://github.com/pdehaan,2015-03-06T07:44:52Z,2015-03-07T01:01:33Z,https://github.com/loads/loads-web/issues/60,Maintain list of EC2 instance types and AWS regions
AWS c4.xlarge,pdehaan,https://github.com/pdehaan,2015-03-07T02:00:09Z,2017-01-04T17:07:50Z,https://github.com/loads/loads-web/issues/62,Add AWS regions and EC2 instance types to front end project builder
AWS c4.xlarge,m3kka,https://github.com/m3kka,2015-04-02T10:08:24Z,2015-04-22T15:27:25Z,https://github.com/prerender/prerender/issues/172,Getting only 504 after a random timeframe
AWS c4.xlarge,slin1202,https://github.com/slin1202,2015-04-07T14:58:08Z,2015-04-08T04:02:34Z,https://github.com/cloudfoundry/diego-release/issues/32,On bosh -n deploy, get expected string value for option instance_type
AWS c4.xlarge,aidylewis,https://github.com/aidylewis,2015-04-14T11:02:23Z,2015-04-16T13:22:45Z,https://github.com/gatling/gatling/issues/2682,Failure at unexpected request rate
AWS c4.xlarge,phinze,https://github.com/phinze,2015-04-20T21:38:59Z,2017-03-09T22:19:38Z,https://github.com/hashicorp/terraform/issues/1604,Support use cases with conditional logic
AWS c4.xlarge,Amit-PivotalLabs,https://github.com/Amit-PivotalLabs,2015-05-07T17:17:14Z,2016-09-21T17:13:23Z,https://github.com/hashicorp/consul/issues/916,Frequent membership loss for 50-100 node cluster in AWS
AWS c4.xlarge,U-lis,https://github.com/U-lis,2015-05-12T07:13:07Z,2015-05-14T01:50:54Z,https://github.com/boto/botocore/issues/534,aws ec2 describe-spot-price-history --start-time/--end-time does not work
AWS c4.xlarge,robksawyer,https://github.com/robksawyer,2015-05-29T08:10:02Z,2015-06-18T09:17:06Z,https://github.com/robksawyer/brenda-web/issues/7,Add brenda permission to generated SQS queue?
AWS c4.xlarge,stefancocora,https://github.com/stefancocora,2015-05-29T15:00:17Z,2016-03-25T17:55:06Z,https://github.com/hashicorp/terraform/issues/2136,provider/aws: iam_instance_profile not ready when TF creates the LaunchConfig of an ASG
AWS c4.xlarge,PSiAU,https://github.com/PSiAU,2015-05-30T00:39:45Z,2015-05-30T07:01:39Z,https://github.com/aws/aws-sdk-php/issues/601,Network interfaces and an instance-level security groups may not be specified on the same request
AWS c4.xlarge,dkoppstein,https://github.com/dkoppstein,2015-06-08T16:01:30Z,2015-06-08T17:39:55Z,https://github.com/jtriley/StarCluster/issues/536,remove node stops working with loadbalancer
AWS c4.xlarge,wallies,https://github.com/wallies,2015-06-11T14:37:17Z,2015-06-15T16:38:59Z,https://github.com/Capgemini/Apollo/issues/296,Change instance type in aws
AWS c4.xlarge,nwalke,https://github.com/nwalke,2015-06-16T13:57:29Z,2015-07-02T03:54:26Z,https://github.com/hashicorp/terraform/issues/2365,Changing AWS instance type
AWS c4.xlarge,alanmimms,https://github.com/alanmimms,2015-06-18T18:56:51Z,2015-06-29T19:25:20Z,https://github.com/aws/aws-sdk-js/issues/630,InstanceType isn't enumerated
AWS c4.xlarge,phobologic,https://github.com/phobologic,2015-06-18T20:29:28Z,2017-02-04T11:23:29Z,https://github.com/moby/moby/issues/14026,[graphdriver] prior storage driver "aufs" failed: invalid argument
AWS c4.xlarge,rosieks,https://github.com/rosieks,2015-07-14T19:48:04Z,2016-04-21T12:01:52Z,https://github.com/Microsoft/vsts-tasks/issues/323,npm install task (not msbuild) fails with EPERM on hosted build 
AWS c4.xlarge,dpb587,https://github.com/dpb587,2015-07-23T00:32:09Z,2015-11-06T17:54:18Z,https://github.com/cloudfoundry/bosh/pull/888,Add Ephemeral EBS Support to AWS Spot Instances
AWS c4.xlarge,mwillerich,https://github.com/mwillerich,2015-08-15T08:23:17Z,2015-08-15T16:39:04Z,https://github.com/grosser/parallel_tests/issues/427,count wrong when there's more cores than features
AWS c4.xlarge,matej-prokop,https://github.com/matej-prokop,2015-08-19T12:29:24Z,2017-02-15T16:16:29Z,https://github.com/awslabs/amazon-kinesis-producer/issues/21,KPL native binaries consume all memory => crash
AWS c4.xlarge,Fodoj,https://github.com/Fodoj,2015-08-20T14:20:58Z,2015-08-27T19:15:55Z,https://github.com/chef/chef-provisioning-aws/issues/297,Resizing instances
AWS c4.xlarge,syuu1228,https://github.com/syuu1228,2015-09-01T09:00:26Z,2015-11-05T08:13:46Z,https://github.com/scylladb/scylla/issues/252,AMI does not get ixgbevf on c4.*xlarge
AWS c4.xlarge,catsby,https://github.com/catsby,2015-09-02T20:09:10Z,2016-05-04T16:09:55Z,https://github.com/hashicorp/terraform/pull/3157,provider/aws: Elastic Beanstalk Application and Environment
AWS c4.xlarge,slivne,https://github.com/slivne,2015-09-09T13:20:54Z,2015-09-22T12:06:03Z,https://github.com/scylladb/scylla/issues/326,Scylla on AWS throws a SIGSEGV
AWS c4.xlarge,alexmanly,https://github.com/alexmanly,2015-09-10T11:46:40Z,2015-09-16T20:12:41Z,https://github.com/chef/chef-provisioning-aws/issues/320,get_password_data fails for Windows machine that has already changed the password
AWS c4.xlarge,ajithreddy,https://github.com/ajithreddy,2015-09-17T11:15:00Z,2015-09-17T11:15:00Z,https://github.com/lynckia/licode/issues/348,How many concurrent video calls can go on for a room with 5 participants using AWS c4.xlarge(4 core, 8 GB RAM) instance
AWS c4.xlarge,jcupitt,https://github.com/jcupitt,2015-09-26T12:04:02Z,2015-10-10T17:52:49Z,https://github.com/lovell/sharp/issues/275,add jimp test to benchmarks?
AWS c4.xlarge,mtekel,https://github.com/mtekel,2015-09-29T16:48:04Z,2015-09-30T10:33:59Z,https://github.com/cloudfoundry/cf-release/pull/799,Update default AWS instance types
AWS c3.large,jrooi,https://github.com/jrooi,2013-05-14T13:11:47Z,2016-03-02T17:41:09Z,https://github.com/composer/composer/issues/1898,Composer update runs out of memory
AWS c3.large,michaelcahill,https://github.com/michaelcahill,2013-05-31T01:42:55Z,2015-04-09T01:07:12Z,https://github.com/wiredtiger/wiredtiger/issues/562,Fix regressions in the LevelDB benchmark
AWS c3.large,eggplantpasta,https://github.com/eggplantpasta,2013-07-13T00:48:56Z,2013-07-20T05:25:34Z,https://github.com/toffer/minecloud/issues/2,Server starts with IP address "None"
AWS c3.large,yebyen,https://github.com/yebyen,2013-09-26T12:52:22Z,2014-08-29T18:02:58Z,https://github.com/urbit/archaeology/issues/20,Slow Terminal Action
AWS c3.large,willthames,https://github.com/willthames,2013-10-16T05:39:54Z,2015-07-02T21:59:42Z,https://github.com/ansible/ansible/pull/4534,Added the ability to add EBS volumes to EC2 instances at creation time
AWS c3.large,tplesnar,https://github.com/tplesnar,2013-12-02T10:09:43Z,2014-06-24T08:27:21Z,https://github.com/powdahound/ec2instances.info/pull/51,Fixing c3.large ioperf
AWS c3.large,rufuspollock,https://github.com/rufuspollock,2013-12-12T15:15:35Z,2014-04-03T14:42:39Z,https://github.com/openspending/openspending/issues/738,Move OpenSpending.org and FarmSubsidy.org hosting
AWS c3.large,lamadon,https://github.com/lamadon,2013-12-12T15:36:36Z,2013-12-19T13:52:37Z,https://github.com/ohmu/poni/pull/37,cloud_aws: add multiple instance types to launch instance
AWS c3.large,ajtrichards,https://github.com/ajtrichards,2013-12-16T15:47:14Z,2015-03-10T15:45:50Z,https://github.com/facebook/hhvm/issues/1362,Setup for AWS AMI Hangs compiling TBB
AWS c3.large,Geryon,https://github.com/Geryon,2013-12-26T18:21:34Z,2014-07-14T02:03:55Z,https://github.com/ansible/ansible/pull/5428,ec2 module: Ephemeral devices can now be specified at instance creation time.
AWS c3.large,solomonty,https://github.com/solomonty,2014-01-15T18:44:21Z,2014-04-20T22:10:38Z,https://github.com/powdahound/ec2instances.info/issues/56,The I/O performance data for the c3 is incorrect
AWS c3.large,jessereynolds,https://github.com/jessereynolds,2014-01-22T07:06:32Z,2014-01-22T07:11:09Z,https://github.com/mitchellh/vagrant-aws/issues/189,Sync copies no files
AWS c3.large,PaulDuvall,https://github.com/PaulDuvall,2014-01-28T22:09:43Z,2014-01-28T22:09:43Z,https://github.com/stelligent/cdri/issues/3,In the README, add recommended approach for setting AWS credentials
AWS c3.large,syoyo,https://github.com/syoyo,2014-02-08T15:45:31Z,2014-09-13T22:41:28Z,https://github.com/jtriley/StarCluster/issues/365,StartCluster 0.95 failed to launch on g2.2xlarge(G2 GPU) node
AWS c3.large,jessereynolds,https://github.com/jessereynolds,2014-02-09T14:40:21Z,2016-06-29T01:03:50Z,https://github.com/mitchellh/vagrant-aws/issues/198,getaddrinfo: nodename nor servname provided, or not known (SocketError)
AWS c3.large,vanjos,https://github.com/vanjos,2014-02-13T14:35:35Z,2014-04-03T23:14:13Z,https://github.com/nathanmarz/storm-deploy/issues/57,storm-deploy for "new generation" ec2 hardware
AWS c3.large,moatazelmasry2,https://github.com/moatazelmasry2,2014-02-18T14:28:16Z,2014-08-28T19:41:13Z,https://github.com/aws/aws-cli/issues/657,sync and cp hangs with a large amount of files
AWS c3.large,danstowell,https://github.com/danstowell,2014-02-27T08:50:34Z,2014-05-12T13:03:34Z,https://github.com/scikit-learn/scikit-learn/issues/2908,segfault after MemoryError() in 'sklearn.tree._tree.Tree._resize'
AWS c3.large,PaulDuvall,https://github.com/PaulDuvall,2014-03-11T20:54:30Z,2014-03-11T22:19:26Z,https://github.com/codeforamerica/honolulu_answers/pull/49,Patch 1
AWS c3.large,dpb587,https://github.com/dpb587,2014-03-19T12:21:20Z,2014-03-19T17:45:41Z,https://github.com/cityindex-attic/logsearch/pull/358,Update CFN to allow starting of i2.2xlarge ES nodes
AWS c3.large,agorrod,https://github.com/agorrod,2014-03-21T05:12:08Z,2015-04-09T01:07:56Z,https://github.com/wiredtiger/wiredtiger/issues/924,block/extent system walkthrough
AWS c3.large,tisba,https://github.com/tisba,2014-03-24T19:38:25Z,2015-01-15T20:54:00Z,https://github.com/fog/fog/issues/2785,Fog::Compute::AWS::Flavor#cores vs vCPU vs ECU
AWS c3.large,kikec,https://github.com/kikec,2014-04-26T18:53:25Z,2014-05-26T13:40:14Z,https://github.com/yegor256/thindeck/issues/76,What  standard hardware would be used for hosting repositories?
AWS c3.large,carmstrong,https://github.com/carmstrong,2014-05-07T22:05:06Z,2014-05-15T23:30:02Z,https://github.com/deis/deis/issues/922,Deis should spin up multiple routers for HA
AWS c3.large,danscan,https://github.com/danscan,2014-05-08T10:11:39Z,2014-05-27T18:32:35Z,https://github.com/deis/deis/issues/932,Cannot successfully launch anything.
AWS c3.large,zopa,https://github.com/zopa,2014-05-08T19:32:33Z,2015-02-09T11:34:35Z,https://github.com/NixOS/nixops/issues/186,Ebs-backed EC2 instances with resized root volumes are not restartable
AWS c3.large,khadrin,https://github.com/khadrin,2014-05-12T20:36:45Z,2014-05-13T17:50:31Z,https://github.com/mitchellh/vagrant/issues/3759,error trying to provision multiple machines with ansible
AWS c3.large,calvertj,https://github.com/calvertj,2014-05-13T01:46:20Z,2014-05-14T01:32:42Z,https://github.com/tdanford/scheduling-simulator/pull/2,Added some stuff for metrics
AWS c3.large,maxguzenski,https://github.com/maxguzenski,2014-05-20T01:18:30Z,2016-03-23T19:08:23Z,https://github.com/petergoldstein/dalli/issues/457,No server available (from time to time)
AWS c3.large,mogadanez,https://github.com/mogadanez,2014-05-22T13:43:43Z,2015-08-19T14:33:17Z,https://github.com/basho/riak/issues/547,Riak search index being corrupted sometimes. [JIRA: RIAK-2110]
GCE n1-highcpu-2,sudhirj,https://github.com/sudhirj,2013-06-05T15:22:13Z,2016-11-10T14:26:31Z,https://github.com/GoogleCloudPlatform/google-cloud-datastore/issues/5,High latency
GCE n1-highcpu-2,paulrossman,https://github.com/paulrossman,2013-08-05T19:30:28Z,2014-06-14T20:31:38Z,https://github.com/chef/knife-google/pull/18,V1beta15 updates
GCE n1-highcpu-2,n3trino,https://github.com/n3trino,2013-09-06T07:20:55Z,2015-05-14T21:46:19Z,https://github.com/AppScale/appscale/issues/717,Manual Service Placement
GCE n1-highcpu-2,bradfitz,https://github.com/bradfitz,2014-09-03T23:19:06Z,2017-02-26T22:59:51Z,https://github.com/golang/go/issues/8643,x/build/builders: move NetBSD builders to GCE
GCE n1-highcpu-2,devoncarew,https://github.com/devoncarew,2014-12-29T19:21:48Z,2015-06-11T19:03:38Z,https://github.com/dart-lang/dart-services/issues/25,Tracking issue for compute engine performance
GCE n1-highcpu-2,bradfitz,https://github.com/bradfitz,2015-01-02T23:10:35Z,2016-06-25T01:57:38Z,https://github.com/golang/go/issues/9491,builders: run Plan 9 builders on GCE
GCE n1-highcpu-2,bgrant0607,https://github.com/bgrant0607,2015-02-13T20:54:16Z,2016-02-10T21:19:08Z,https://github.com/kubernetes/kubernetes/issues/4432,Consider moving events out of etcd
GCE n1-highcpu-2,davidopp,https://github.com/davidopp,2015-02-18T07:08:09Z,2015-06-19T23:40:05Z,https://github.com/kubernetes/kubernetes/issues/4521,Make 99% of API calls return in less than 1s; constant time to number of nodes and pods
GCE n1-highcpu-2,jean997,https://github.com/jean997,2015-03-10T14:19:40Z,2015-03-17T22:02:05Z,https://github.com/gc3-uzh-ch/elasticluster/issues/150,Error creating GCE cluster
GCE n1-highcpu-2,onigra,https://github.com/onigra,2015-03-17T10:43:00Z,2015-07-28T19:07:30Z,https://github.com/ansible/ansible/pull/10481,If GCE instance not have public ip, set None.
GCE n1-highcpu-2,floriangrundig,https://github.com/floriangrundig,2015-05-21T15:14:45Z,2015-05-28T16:01:18Z,https://github.com/mantl/mantl/pull/328,Feature/terraform aws
GCE n1-highcpu-2,syoyo,https://github.com/syoyo,2015-05-28T06:21:54Z,2015-05-28T10:36:25Z,https://github.com/lighttransport/francine/issues/8,Francine hangs up after the following message.
GCE n1-highcpu-2,syoyo,https://github.com/syoyo,2015-06-01T08:19:12Z,2015-07-09T06:16:30Z,https://github.com/lighttransport/francine/issues/10,GCE instance group does not support instances more than 500
GCE n1-highcpu-2,Splaktar,https://github.com/Splaktar,2015-08-25T03:17:28Z,2015-09-04T22:41:00Z,https://github.com/gdg-x/hub/issues/43,Deploy Hub to GCE instead of OpenShift
GCE n1-highcpu-2,siddharthist,https://github.com/siddharthist,2015-09-09T19:39:47Z,2015-09-23T21:56:00Z,https://github.com/hashicorp/terraform/issues/3199,Terraform 0.6.1 crashes on destroy when GCE account.json is deleted
GCE n1-highcpu-2,saswatp,https://github.com/saswatp,2015-09-22T22:57:42Z,2015-09-25T16:21:04Z,https://github.com/mantl/mantl/issues/710,GCE deployment fails - Wrong Zone Information
GCE n1-highcpu-2,yichengq,https://github.com/yichengq,2015-10-22T18:54:20Z,2015-11-10T01:54:37Z,https://github.com/coreos/bugs/issues/943,journalctl returns `Error was encountered while opening journal files: Invalid argument`
GCE n1-highcpu-2,mshi,https://github.com/mshi,2015-11-04T17:00:49Z,2017-02-15T22:49:12Z,https://github.com/rethinkdb/rethinkdb/issues/5039,From time to time the database would become unresponsive even though CPU usage is minimal and database r/w is low
GCE n1-highcpu-2,mcapuccini,https://github.com/mcapuccini,2016-01-18T15:53:16Z,2016-01-18T16:21:51Z,https://github.com/mantl/mantl/issues/1002,Project not found when deploying on google cloud
GCE n1-highcpu-2,mcapuccini,https://github.com/mcapuccini,2016-02-03T16:23:37Z,2016-02-05T18:34:35Z,https://github.com/mantl/mantl/issues/1082,Error creating Google Cloud DNS records
GCE n1-highcpu-2,jasonswearingen,https://github.com/jasonswearingen,2016-03-18T02:02:58Z,2016-03-18T20:51:25Z,https://github.com/GoogleCloudPlatform/google-cloud-node/issues/1169,how to authenticate on a google compute instance?
GCE n1-highcpu-2,arenoir,https://github.com/arenoir,2016-04-22T21:12:04Z,2017-04-21T23:08:10Z,https://github.com/kubernetes/kubernetes/issues/24687,NFS example does not work on google container engine.  
GCE n1-highcpu-2,derekmarcotte,https://github.com/derekmarcotte,2016-05-12T02:24:56Z,2017-04-12T11:51:53Z,https://github.com/golang/go/issues/15658,runtime: FreeBSD memory corruption involving fork system call
GCE n1-highcpu-2,sohagfan,https://github.com/sohagfan,2016-06-10T22:43:33Z,2016-09-03T18:26:26Z,https://github.com/parse-community/parse-server/issues/2030,Unable to obtain > 40 RPS after migrating to our own Parse server
GCE n1-highcpu-2,spxtr,https://github.com/spxtr,2016-06-21T01:24:50Z,2016-08-19T06:29:11Z,https://github.com/kubernetes/kubernetes/pull/27746,WIP: Rework go builds to use a makefile and containerize the entire process.
GCE n1-highcpu-2,tamird,https://github.com/tamird,2016-08-15T14:35:34Z,2016-08-15T18:07:58Z,https://github.com/golang/go/issues/16701,cmd/go: go test -i -compiler=gccgo does not work if gc standard packages are not installed
GCE n1-highcpu-2,axw,https://github.com/axw,2016-10-03T10:06:37Z,2016-10-05T05:00:48Z,https://github.com/juju/juju/pull/6371,provider/gce: add n1-*-32 instance types
GCE n1-highcpu-2,amoskong,https://github.com/amoskong,2017-02-21T03:37:20Z,2017-03-31T17:22:58Z,https://github.com/scylladb/scylla/issues/2098,commitlog_replayer - error replaying: std::bad_alloc (std::bad_alloc)
AWS c3.xlarge,jcarsique,https://github.com/jcarsique,2013-11-27T16:28:22Z,2014-08-15T03:39:38Z,https://github.com/jenkinsci/ec2-plugin/pull/71,JENKINS-20789: manage new instances (C3, G2, HI, HS, CC2, CR1)
AWS c3.xlarge,ianneub,https://github.com/ianneub,2013-12-07T18:26:49Z,2014-06-14T14:23:58Z,https://github.com/powdahound/ec2instances.info/pull/52,c3.xlarge has High I/O speed, not Very High
AWS c3.xlarge,rufuspollock,https://github.com/rufuspollock,2013-12-12T15:15:35Z,2014-04-03T14:42:39Z,https://github.com/openspending/openspending/issues/738,Move OpenSpending.org and FarmSubsidy.org hosting
AWS c3.xlarge,solomonty,https://github.com/solomonty,2014-01-15T18:44:21Z,2014-04-20T22:10:38Z,https://github.com/powdahound/ec2instances.info/issues/56,The I/O performance data for the c3 is incorrect
AWS c3.xlarge,cap10morgan,https://github.com/cap10morgan,2014-01-27T22:28:10Z,2014-02-08T03:52:50Z,https://github.com/chef-cookbooks/docker/issues/49,Cannot run container on new nodes
AWS c3.xlarge,vanjos,https://github.com/vanjos,2014-02-13T14:35:35Z,2014-04-03T23:14:13Z,https://github.com/nathanmarz/storm-deploy/issues/57,storm-deploy for "new generation" ec2 hardware
AWS c3.xlarge,lahirus,https://github.com/lahirus,2014-03-27T18:25:21Z,2014-11-11T20:48:56Z,https://github.com/jclouds/jclouds/pull/333,Fixing Jclouds-509
AWS c3.xlarge,imincik,https://github.com/imincik,2014-04-07T03:35:08Z,2014-05-01T08:34:07Z,https://github.com/gislab-npo/gislab/issues/134,Consider using IO optimized storage for PostgreSQL storage
AWS c3.xlarge,wbynum,https://github.com/wbynum,2014-04-24T21:44:38Z,2014-05-15T22:38:29Z,https://github.com/Antaris/RazorEngine/issues/170,RazorEngine 3.4.1.0 Slow in AWS EC2
AWS c3.xlarge,maxguzenski,https://github.com/maxguzenski,2014-05-20T01:18:30Z,2016-03-23T19:08:23Z,https://github.com/petergoldstein/dalli/issues/457,No server available (from time to time)
AWS c3.xlarge,mogadanez,https://github.com/mogadanez,2014-05-22T13:43:43Z,2015-08-19T14:33:17Z,https://github.com/basho/riak/issues/547,Riak search index being corrupted sometimes. [JIRA: RIAK-2110]
AWS c3.xlarge,cheald,https://github.com/cheald,2014-06-02T23:52:16Z,2014-06-24T15:31:20Z,https://github.com/forward3d/cap-ec2/pull/20,Use AWS.memoize
AWS c3.xlarge,zshenker,https://github.com/zshenker,2014-06-17T17:40:00Z,2014-08-17T14:58:31Z,https://github.com/Netflix/asgard/issues/591,Support for launching instances with new General Purpose SSD EBS storage for root volumes
AWS c3.xlarge,rayjanwilson,https://github.com/rayjanwilson,2014-07-29T06:36:20Z,2015-05-04T20:07:15Z,https://github.com/arctic-fire-development/dapper-gcs/issues/172,Setup Vagrant to build SITL on AWS for development
AWS c3.xlarge,jumping,https://github.com/jumping,2014-08-06T08:12:50Z,2014-08-06T08:27:44Z,https://github.com/boto/boto/issues/2504,get_spot_price_history: zone and price is not match
AWS c3.xlarge,ahawkins,https://github.com/ahawkins,2014-08-09T12:31:19Z,2014-08-21T21:05:07Z,https://github.com/hashicorp/terraform/issues/171,apply command creates new infrastructure when plan states nothing to do
AWS c3.xlarge,ianblenke,https://github.com/ianblenke,2014-08-29T18:37:02Z,2014-09-04T22:40:30Z,https://github.com/deis/deis/issues/1737,More etcd 0.4.6 shenanigans
AWS c3.xlarge,jkinred,https://github.com/jkinred,2014-09-03T10:30:01Z,2014-09-07T23:01:59Z,https://github.com/hashicorp/terraform/pull/260,Allow building of EC2 instances with ebs_optimized flag
AWS c3.xlarge,bataras,https://github.com/bataras,2014-09-20T22:22:12Z,2014-09-25T23:48:09Z,https://github.com/xplicit/HyperFastCgi/issues/17,Periodic HTTP request delays, stoppage
AWS c3.xlarge,gyuho,https://github.com/gyuho,2014-09-24T18:21:00Z,2014-09-24T18:38:40Z,https://github.com/hashicorp/terraform/issues/322,Question: load existing AWS security groups
AWS c3.xlarge,txt3rob,https://github.com/txt3rob,2014-10-03T08:20:39Z,2015-04-07T06:12:17Z,https://github.com/jamesyonan/brenda/issues/11,GPU
AWS c3.xlarge,cfortier2,https://github.com/cfortier2,2014-10-20T20:10:39Z,2014-10-21T15:57:43Z,https://github.com/hashicorp/terraform/issues/478,terraform crash when using module
AWS c3.xlarge,paciorek,https://github.com/paciorek,2014-10-24T16:21:16Z,2014-11-04T17:41:13Z,https://github.com/ucberkeley/brc-experiments/issues/13,attaching disk
AWS c3.xlarge,i0n,https://github.com/i0n,2014-10-30T11:23:17Z,2014-12-10T23:44:21Z,https://github.com/coreos/fleet/issues/1017,CoreOS crash on AWS with 444.5.0 stable
AWS c3.xlarge,jmassara,https://github.com/jmassara,2014-11-04T22:48:37Z,2015-05-19T18:06:18Z,https://github.com/test-kitchen/kitchen-ec2/issues/77,Unable to SSH into VPC Instance
AWS c3.xlarge,hys9958,https://github.com/hys9958,2014-12-01T07:18:20Z,2014-12-10T08:00:59Z,https://github.com/apache/tajo/pull/275,TAJO-1199: EMR bootstrap script for Tajo
AWS c3.xlarge,ehankland,https://github.com/ehankland,2014-12-03T22:32:44Z,2014-12-04T21:49:39Z,https://github.com/GoogleCloudPlatform/PerfKitBenchmarker/pull/13,Aerospike
AWS c3.xlarge,jonboulle,https://github.com/jonboulle,2014-12-10T23:43:57Z,2015-01-27T05:18:33Z,https://github.com/coreos/bugs/issues/204,CoreOS crash on AWS with (many versions)
AWS c3.xlarge,dfch,https://github.com/dfch,2015-01-02T11:11:34Z,2015-01-05T12:16:41Z,https://github.com/Graylog2/graylog2-images/issues/15,Amazon AMI fails upon initial sudo graylog2-ctl reconfigure with dependency on libopts25 (>= 1:5.18)
AWS c3.xlarge,dysinger,https://github.com/dysinger,2015-01-27T20:32:36Z,2015-01-28T08:43:51Z,https://github.com/brendanhay/amazonka/issues/73,Bug in Pagination?
AWS c3.4xlarge,cdoersch,https://github.com/cdoersch,2013-12-27T04:51:06Z,2014-05-29T21:04:30Z,https://github.com/jtriley/StarCluster/issues/353,Starting c3.4xlarge cluster with HVM image gives cryptic error message
AWS c3.4xlarge,solomonty,https://github.com/solomonty,2014-01-15T18:44:21Z,2014-04-20T22:10:38Z,https://github.com/powdahound/ec2instances.info/issues/56,The I/O performance data for the c3 is incorrect
AWS c3.4xlarge,rrh,https://github.com/rrh,2014-10-07T18:43:28Z,2014-12-10T21:22:00Z,https://github.com/facebook/hhvm/issues/3920,assertion failed regarding refcounting in test/slow/objprof/strings.php
AWS c3.4xlarge,michaelcahill,https://github.com/michaelcahill,2014-10-30T06:48:24Z,2015-04-09T01:40:46Z,https://github.com/wiredtiger/wiredtiger/issues/1331,Page unmapped during discard
AWS c3.4xlarge,An42Ma,https://github.com/An42Ma,2014-11-20T12:45:38Z,2015-06-16T14:28:42Z,https://github.com/saltstack/salt/issues/18315,salt-cloud fails for ec2 for query without params
AWS c3.4xlarge,Fodoj,https://github.com/Fodoj,2014-12-09T13:13:51Z,2014-12-21T02:39:08Z,https://github.com/phstc/shoryuken/issues/23,Only 11 threads are busy
AWS c3.4xlarge,keithbostic,https://github.com/keithbostic,2014-12-12T16:38:14Z,2015-04-09T01:41:03Z,https://github.com/wiredtiger/wiredtiger/issues/1468,format: read checksum error
AWS c3.4xlarge,keithbostic,https://github.com/keithbostic,2014-12-15T23:45:22Z,2015-04-09T01:41:04Z,https://github.com/wiredtiger/wiredtiger/issues/1479,format: read_row: row XXX: not found in Berkeley DB, found in WiredTiger
AWS c3.4xlarge,dbaldwin,https://github.com/dbaldwin,2014-12-27T00:05:30Z,2016-12-27T15:04:10Z,https://github.com/OpenDroneMap/OpenDroneMap/issues/28,Error code 35072
AWS c3.4xlarge,johnomics,https://github.com/johnomics,2015-01-22T12:46:31Z,2015-04-03T04:36:43Z,https://github.com/PacificBiosciences/FALCON/issues/12,PypeFlow jobs failing intermittently
AWS c3.4xlarge,dysinger,https://github.com/dysinger,2015-01-27T20:32:36Z,2015-01-28T08:43:51Z,https://github.com/brendanhay/amazonka/issues/73,Bug in Pagination?
AWS c3.4xlarge,rronen,https://github.com/rronen,2015-02-12T02:03:06Z,2015-03-02T18:16:51Z,https://github.com/chapmanb/bcbio-nextgen/issues/756,tumor/normal calling with vardict
AWS c3.4xlarge,michaelcahill,https://github.com/michaelcahill,2015-02-26T05:41:57Z,2015-04-09T01:57:18Z,https://github.com/wiredtiger/wiredtiger/pull/1707,Add some paranoia
AWS c3.4xlarge,pdehaan,https://github.com/pdehaan,2015-03-06T07:44:52Z,2015-03-07T01:01:33Z,https://github.com/loads/loads-web/issues/60,Maintain list of EC2 instance types and AWS regions
AWS c3.4xlarge,pdehaan,https://github.com/pdehaan,2015-03-07T02:00:09Z,2017-01-04T17:07:50Z,https://github.com/loads/loads-web/issues/62,Add AWS regions and EC2 instance types to front end project builder
AWS c3.4xlarge,rronen,https://github.com/rronen,2015-03-20T17:08:04Z,2015-03-21T01:06:10Z,https://github.com/alexdobin/STAR/issues/28,genomeGenerate Aborted with std::bad_malloc
AWS c3.4xlarge,carlo-rtr,https://github.com/carlo-rtr,2015-03-31T16:32:54Z,2017-02-13T13:17:53Z,https://github.com/dropwizard/dropwizard/issues/965,Ease deployment process to AWS and Heroku
AWS c3.4xlarge,aaaristo,https://github.com/aaaristo,2015-05-06T12:23:15Z,2015-07-08T21:34:28Z,https://github.com/aws/aws-sdk-js/issues/596,Uploading files to S3 over SSL is far slower than aws-cli
AWS c3.4xlarge,brendancol,https://github.com/brendancol,2015-05-08T19:02:25Z,2015-05-10T02:21:19Z,https://github.com/apache/spark/pull/6014,updated ec2 instance types
AWS c3.4xlarge,marcuscollins,https://github.com/marcuscollins,2015-05-28T05:36:02Z,2015-05-28T17:28:48Z,https://github.com/scikit-learn/scikit-learn/issues/4782,Make RF & other models trained with n_jobs > 1 pickleable?
AWS c3.4xlarge,robksawyer,https://github.com/robksawyer,2015-05-29T08:10:02Z,2015-06-18T09:17:06Z,https://github.com/robksawyer/brenda-web/issues/7,Add brenda permission to generated SQS queue?
AWS c3.4xlarge,oyx15,https://github.com/oyx15,2015-06-04T18:15:07Z,2015-06-05T18:43:07Z,https://github.com/boto/boto3/issues/122,Price history not correct?
AWS c3.4xlarge,caarlos0,https://github.com/caarlos0,2015-09-01T18:58:23Z,2015-09-01T19:04:46Z,https://github.com/aws/aws-sdk-go/issues/369,Cannot get spot instance prices
AWS c3.4xlarge,caarlos0,https://github.com/caarlos0,2015-09-02T18:37:10Z,2015-11-14T04:29:25Z,https://github.com/hashicorp/terraform/issues/3154,Error requesting spot instances: InvalidParameterCombination: VPC security groups may not be used for a non-VPC launch
AWS c3.4xlarge,caarlos0,https://github.com/caarlos0,2015-09-17T18:52:53Z,2017-03-06T12:50:48Z,https://github.com/hashicorp/terraform/issues/3263,aws_spot_instance_request tags won't apply to instance
AWS c3.4xlarge,gleb-cloudius,https://github.com/gleb-cloudius,2015-09-24T13:27:01Z,2015-10-20T12:18:12Z,https://github.com/scylladb/scylla/issues/403,gossip cannot rejoin a node
AWS c3.4xlarge,alexanderdean,https://github.com/alexanderdean,2015-12-07T13:41:26Z,2016-04-29T12:57:43Z,https://github.com/snowplow/snowplow/issues/2230,Scala Hadoop Bad Rows: update README instructions
AWS c3.4xlarge,nzoschke,https://github.com/nzoschke,2016-01-09T17:27:49Z,2016-10-01T18:59:26Z,https://github.com/convox/rack/issues/246,Validate rack scale instance type input
AWS c3.4xlarge,dtest,https://github.com/dtest,2016-01-14T17:01:19Z,2016-02-15T16:57:06Z,https://github.com/aws/amazon-ecs-cli/issues/64,Certain instance types not supported
AWS c3.4xlarge,jcphill,https://github.com/jcphill,2016-01-31T20:50:42Z,2016-11-23T10:04:31Z,https://github.com/jtriley/StarCluster/issues/571,support t2.nano instances, future unknown instance types
AWS c3.2xlarge,MatthaeusHarris,https://github.com/MatthaeusHarris,2013-06-12T19:28:10Z,2014-08-01T23:03:07Z,https://github.com/mitchellh/vagrant-aws/pull/93,Add block_device_mapping support (cleaned up and re-req'd)
AWS c3.2xlarge,solomonty,https://github.com/solomonty,2014-01-15T18:44:21Z,2014-04-20T22:10:38Z,https://github.com/powdahound/ec2instances.info/issues/56,The I/O performance data for the c3 is incorrect
AWS c3.2xlarge,franciskim,https://github.com/franciskim,2014-01-17T03:53:59Z,2014-01-31T09:14:45Z,https://github.com/nexcess/magento-turpentine/issues/416,Once Turpentine VCL is applied through admin, Varnish is slow
AWS c3.2xlarge,cap10morgan,https://github.com/cap10morgan,2014-01-27T22:28:10Z,2014-02-08T03:52:50Z,https://github.com/chef-cookbooks/docker/issues/49,Cannot run container on new nodes
AWS c3.2xlarge,sanrodari,https://github.com/sanrodari,2014-02-04T20:48:12Z,2014-03-03T22:14:06Z,https://github.com/hashicorp/packer/issues/872,amazon-ebs builder: SSH session goes down after aprox. 10 mins and makes the build fail
AWS c3.2xlarge,moatazelmasry2,https://github.com/moatazelmasry2,2014-02-18T14:28:16Z,2014-08-28T19:41:13Z,https://github.com/aws/aws-cli/issues/657,sync and cp hangs with a large amount of files
AWS c3.2xlarge,imincik,https://github.com/imincik,2014-04-07T03:35:08Z,2014-05-01T08:34:07Z,https://github.com/gislab-npo/gislab/issues/134,Consider using IO optimized storage for PostgreSQL storage
AWS c3.2xlarge,grichmond04,https://github.com/grichmond04,2014-05-09T16:32:41Z,2014-09-24T16:44:27Z,https://github.com/mitchellh/vagrant/issues/3735,Unable to spin up multiple machines in 1.6.1
AWS c3.2xlarge,sqs,https://github.com/sqs,2014-05-17T10:15:43Z,2014-05-20T07:45:39Z,https://github.com/moby/moby/issues/5870,"Error setting devmapper transition ID: Error running setTransactionId" when running many concurrent containers (aufs, docker-in-docker)
AWS c3.2xlarge,agorrod,https://github.com/agorrod,2014-06-13T07:26:06Z,2015-04-09T01:08:13Z,https://github.com/wiredtiger/wiredtiger/issues/1068,Multiple databases can achieve greater throughput than a single database
AWS c3.2xlarge,danvaida,https://github.com/danvaida,2014-06-17T12:11:21Z,2014-06-19T14:19:49Z,https://github.com/ansible/ansible/issues/7803,ec2_eip module doesn't know public_ip
AWS c3.2xlarge,ccastillo-contactpoint,https://github.com/ccastillo-contactpoint,2014-07-02T00:17:01Z,2014-12-04T23:44:29Z,https://github.com/Graylog2/graylog2-server/issues/604,graylog2-server 0.20.3-1 consumes all memory and hangs
AWS c3.2xlarge,rndmania,https://github.com/rndmania,2014-07-31T03:02:07Z,2014-12-16T18:51:38Z,https://github.com/winstonjs/winston/issues/428,logging to disk latency problem
AWS c3.2xlarge,snoopdave,https://github.com/snoopdave,2014-08-22T18:46:18Z,2014-08-22T18:49:20Z,https://github.com/apache/usergrid/pull/61,Fix to re-index logic and to AWS Cluster scripts (two-dot-o branch)
AWS c3.2xlarge,UtahDave,https://github.com/UtahDave,2014-08-27T17:23:19Z,2015-06-09T17:29:18Z,https://github.com/saltstack/salt/issues/15320,Salt Cloud stacktraces if ami not valid or available
AWS c3.2xlarge,ianblenke,https://github.com/ianblenke,2014-08-29T18:37:02Z,2014-09-04T22:40:30Z,https://github.com/deis/deis/issues/1737,More etcd 0.4.6 shenanigans
AWS c3.2xlarge,mikkoc,https://github.com/mikkoc,2014-09-11T10:15:23Z,2014-09-11T10:47:23Z,https://github.com/hashicorp/packer/issues/1489,Shell script fails with permission denied, using sudo
AWS c3.2xlarge,pmoust,https://github.com/pmoust,2014-09-17T13:01:25Z,2014-10-11T00:15:02Z,https://github.com/hashicorp/terraform/issues/299,Security Group change/addition in non-VPC EC2 instance should recreate instance
AWS c3.2xlarge,amckinley,https://github.com/amckinley,2014-11-12T21:35:34Z,2014-11-12T21:35:34Z,https://github.com/boto/boto/issues/2754,Boto doesn't remove single-quotes from tag names
AWS c3.2xlarge,spyrospph,https://github.com/spyrospph,2014-11-13T14:12:40Z,2014-12-23T11:52:49Z,https://github.com/hashicorp/terraform/issues/562,Terraform crash 
AWS c3.2xlarge,pmoust,https://github.com/pmoust,2014-12-16T15:11:56Z,2014-12-26T05:40:24Z,https://github.com/hashicorp/terraform/issues/684,providers/aws: Non-BC changes from 0.3.5 to upstream
AWS c3.2xlarge,Danny-Hazelcast,https://github.com/Danny-Hazelcast,2014-12-18T15:51:37Z,2015-05-12T20:24:54Z,https://github.com/hazelcast/hazelcast/issues/4327,HazelcastSerializationException  java.io.UTFDataFormatException
AWS c3.2xlarge,Danny-Hazelcast,https://github.com/Danny-Hazelcast,2014-12-20T08:11:05Z,2014-12-31T09:55:21Z,https://github.com/hazelcast/hazelcast/issues/4338,3.4 test Stabilizer-Large, Client generated hs_err_pid.log
AWS c3.2xlarge,dbaldwin,https://github.com/dbaldwin,2014-12-27T00:05:30Z,2016-12-27T15:04:10Z,https://github.com/OpenDroneMap/OpenDroneMap/issues/28,Error code 35072
AWS c3.2xlarge,skynet,https://github.com/skynet,2015-01-01T18:27:26Z,2015-03-19T17:05:54Z,https://github.com/aerospike/aerospike-client-php/issues/11,PHP session handler
AWS c3.2xlarge,JesseJenkins,https://github.com/JesseJenkins,2015-01-08T21:26:07Z,2017-01-13T02:35:29Z,https://github.com/JuliaCloud/JuliaBox/issues/181,MIP solver?
AWS c3.2xlarge,claudiupopescu,https://github.com/claudiupopescu,2015-01-16T08:21:29Z,2015-01-25T06:56:42Z,https://github.com/saltstack/salt/pull/19782,Fixes secgroup return for EC2-VPC
AWS c3.2xlarge,dysinger,https://github.com/dysinger,2015-01-27T20:32:36Z,2015-01-28T08:43:51Z,https://github.com/brendanhay/amazonka/issues/73,Bug in Pagination?
AWS c3.2xlarge,ckelner,https://github.com/ckelner,2015-02-03T18:25:58Z,2016-06-10T18:08:57Z,https://github.com/Netflix/ice/issues/143,Ice totals off
AWS c3.2xlarge,rronen,https://github.com/rronen,2015-02-03T20:17:17Z,2015-02-16T06:55:36Z,https://github.com/chapmanb/bcbio-nextgen/issues/744,File streaming problems from s3?
