FED: with s 200
FED: with b [object Object]
FED: with h [object Object]
*************************************
  --> searchterm.  : GCE n1-highcpu-321
  --> resultsCount : 1
*************************************

searchTerm,title,user,created,updated,userLink,pageLink,body
GCE n1-highcpu-321,runtime: FreeBSD memory corruption involving fork system call,derekmarcotte,2016-05-12T02:24:56Z,2017-04-12T11:51:53Z,https://github.com/derekmarcotte,https://github.com/golang/go/issues/15658,body placeholder
FED: with err Error: API rate limit exceeded for 76.14.25.69. (But here's the good news: Authenticated requests get a higher rate limit. Check out the documentation for more details.)
--> SEARCH ERROR:{"message":"API rate limit exceeded for 76.14.25.69. (But here's the good news: Authenticated requests get a higher rate limit. Check out the documentation for more details.)","statusCode":403,"headers":{"server":"GitHub.com","date":"Fri, 05 May 2017 22:47:46 GMT","content-type":"application/json; charset=utf-8","content-length":"245","connection":"close","status":"403 Forbidden","x-ratelimit-limit":"10","x-ratelimit-remaining":"0","x-ratelimit-reset":"1494024525","x-github-media-type":"github.v3; format=json","access-control-expose-headers":"ETag, Link, X-GitHub-OTP, X-RateLimit-Limit, X-RateLimit-Remaining, X-RateLimit-Reset, X-OAuth-Scopes, X-Accepted-OAuth-Scopes, X-Poll-Interval","access-control-allow-origin":"*","content-security-policy":"default-src 'none'","strict-transport-security":"max-age=31536000; includeSubdomains; preload","x-content-type-options":"nosniff","x-frame-options":"deny","x-xss-protection":"1; mode=block","x-github-request-id":"BD50:5CA5:2FB1533:3D4B765:590D0111"},"body":{"message":"API rate limit exceeded for 76.14.25.69. (But here's the good news: Authenticated requests get a higher rate limit. Check out the documentation for more details.)","documentation_url":"https://developer.github.com/v3/#rate-limiting"}}
FED: with err Error: API rate limit exceeded for 76.14.25.69. (But here's the good news: Authenticated requests get a higher rate limit. Check out the documentation for more details.)
--> SEARCH ERROR:{"message":"API rate limit exceeded for 76.14.25.69. (But here's the good news: Authenticated requests get a higher rate limit. Check out the documentation for more details.)","statusCode":403,"headers":{"server":"GitHub.com","date":"Fri, 05 May 2017 22:47:46 GMT","content-type":"application/json; charset=utf-8","content-length":"245","connection":"close","status":"403 Forbidden","x-ratelimit-limit":"10","x-ratelimit-remaining":"0","x-ratelimit-reset":"1494024525","x-github-media-type":"github.v3; format=json","access-control-expose-headers":"ETag, Link, X-GitHub-OTP, X-RateLimit-Limit, X-RateLimit-Remaining, X-RateLimit-Reset, X-OAuth-Scopes, X-Accepted-OAuth-Scopes, X-Poll-Interval","access-control-allow-origin":"*","content-security-policy":"default-src 'none'","strict-transport-security":"max-age=31536000; includeSubdomains; preload","x-content-type-options":"nosniff","x-frame-options":"deny","x-xss-protection":"1; mode=block","x-github-request-id":"A878:5C90:20C5D44:2A1BA30:590D0112"},"body":{"message":"API rate limit exceeded for 76.14.25.69. (But here's the good news: Authenticated requests get a higher rate limit. Check out the documentation for more details.)","documentation_url":"https://developer.github.com/v3/#rate-limiting"}}
FED: with s 200
FED: with b [object Object]
FED: with h [object Object]
*************************************
  --> searchterm.  : GCE n1-highcpu-16
  --> resultsCount : 18
*************************************

searchTerm,title,user,created,updated,userLink,pageLink,body
GCE n1-highcpu-16,High latency,sudhirj,2013-06-05T15:22:13Z,2016-11-10T14:26:31Z,https://github.com/sudhirj,https://github.com/GoogleCloudPlatform/google-cloud-datastore/issues/5,body placeholder
GCE n1-highcpu-16,x/build/builders: move NetBSD builders to GCE,bradfitz,2014-09-03T23:19:06Z,2017-02-26T22:59:51Z,https://github.com/bradfitz,https://github.com/golang/go/issues/8643,body placeholder
GCE n1-highcpu-16,GCE is missing ProviderMetadata and locations needed rework.,adriancole,2014-11-06T07:05:30Z,2014-11-06T19:52:35Z,https://github.com/adriancole,https://github.com/jclouds/jclouds-labs-google/pull/82,body placeholder
GCE n1-highcpu-16,builders: run Plan 9 builders on GCE,bradfitz,2015-01-02T23:10:35Z,2016-06-25T01:57:38Z,https://github.com/bradfitz,https://github.com/golang/go/issues/9491,body placeholder
GCE n1-highcpu-16,Make 99% of API calls return in less than 1s; constant time to number of nodes and pods,davidopp,2015-02-18T07:08:09Z,2015-06-19T23:40:05Z,https://github.com/davidopp,https://github.com/kubernetes/kubernetes/issues/4521,body placeholder
GCE n1-highcpu-16,Feature/terraform aws,floriangrundig,2015-05-21T15:14:45Z,2015-05-28T16:01:18Z,https://github.com/floriangrundig,https://github.com/mantl/mantl/pull/328,body placeholder
GCE n1-highcpu-16,Francine hangs up after the following message.,syoyo,2015-05-28T06:21:54Z,2015-05-28T10:36:25Z,https://github.com/syoyo,https://github.com/lighttransport/francine/issues/8,body placeholder
GCE n1-highcpu-16,GCE instance group does not support instances more than 500,syoyo,2015-06-01T08:19:12Z,2015-07-09T06:16:30Z,https://github.com/syoyo,https://github.com/lighttransport/francine/issues/10,body placeholder
GCE n1-highcpu-16,Terraform 0.6.1 crashes on destroy when GCE account.json is deleted,siddharthist,2015-09-09T19:39:47Z,2015-09-23T21:56:00Z,https://github.com/siddharthist,https://github.com/hashicorp/terraform/issues/3199,body placeholder
GCE n1-highcpu-16,GCE deployment fails - Wrong Zone Information,saswatp,2015-09-22T22:57:42Z,2015-09-25T16:21:04Z,https://github.com/saswatp,https://github.com/mantl/mantl/issues/710,body placeholder
GCE n1-highcpu-16,From time to time the database would become unresponsive even though CPU usage is minimal and database r/w is low,mshi,2015-11-04T17:00:49Z,2017-02-15T22:49:12Z,https://github.com/mshi,https://github.com/rethinkdb/rethinkdb/issues/5039,body placeholder
GCE n1-highcpu-16,Project not found when deploying on google cloud,mcapuccini,2016-01-18T15:53:16Z,2016-01-18T16:21:51Z,https://github.com/mcapuccini,https://github.com/mantl/mantl/issues/1002,body placeholder
GCE n1-highcpu-16,Error creating Google Cloud DNS records,mcapuccini,2016-02-03T16:23:37Z,2016-02-05T18:34:35Z,https://github.com/mcapuccini,https://github.com/mantl/mantl/issues/1082,body placeholder
GCE n1-highcpu-16,NFS example does not work on google container engine.  ,arenoir,2016-04-22T21:12:04Z,2017-04-21T23:08:10Z,https://github.com/arenoir,https://github.com/kubernetes/kubernetes/issues/24687,body placeholder
GCE n1-highcpu-16,runtime: FreeBSD memory corruption involving fork system call,derekmarcotte,2016-05-12T02:24:56Z,2017-04-12T11:51:53Z,https://github.com/derekmarcotte,https://github.com/golang/go/issues/15658,body placeholder
GCE n1-highcpu-16,WIP: Rework go builds to use a makefile and containerize the entire process.,spxtr,2016-06-21T01:24:50Z,2016-08-19T06:29:11Z,https://github.com/spxtr,https://github.com/kubernetes/kubernetes/pull/27746,body placeholder
GCE n1-highcpu-16,commitlog_replayer - error replaying: std::bad_alloc (std::bad_alloc),amoskong,2017-02-21T03:37:20Z,2017-03-31T17:22:58Z,https://github.com/amoskong,https://github.com/scylladb/scylla/issues/2098,body placeholder
GCE n1-highcpu-16,Use batch operation (delete),xmedeko,2017-03-31T08:09:20Z,2017-04-05T17:03:12Z,https://github.com/xmedeko,https://github.com/GoogleCloudPlatform/gsutil/issues/420,body placeholder
FED: with s 200
FED: with b [object Object]
FED: with h [object Object]
*************************************
  --> searchterm.  : AWS c4.2xlarge
  --> resultsCount : 30
*************************************

searchTerm,title,user,created,updated,userLink,pageLink,body
AWS c4.2xlarge,Error code 35072,dbaldwin,2014-12-27T00:05:30Z,2016-12-27T15:04:10Z,https://github.com/dbaldwin,https://github.com/OpenDroneMap/OpenDroneMap/issues/28,body placeholder
AWS c4.2xlarge,recommended AWS EC2 instance types?,aztlan2k,2015-02-08T01:32:38Z,2017-02-13T01:11:03Z,https://github.com/aztlan2k,https://github.com/locustio/locust/issues/242,body placeholder
AWS c4.2xlarge,Maintain list of EC2 instance types and AWS regions,pdehaan,2015-03-06T07:44:52Z,2015-03-07T01:01:33Z,https://github.com/pdehaan,https://github.com/loads/loads-web/issues/60,body placeholder
AWS c4.2xlarge,Add AWS regions and EC2 instance types to front end project builder,pdehaan,2015-03-07T02:00:09Z,2017-01-04T17:07:50Z,https://github.com/pdehaan,https://github.com/loads/loads-web/issues/62,body placeholder
AWS c4.2xlarge,Stop instances,johnjelinek,2015-04-17T18:03:02Z,2017-03-31T22:02:03Z,https://github.com/johnjelinek,https://github.com/hashicorp/terraform/issues/1579,body placeholder
AWS c4.2xlarge,aws ec2 describe-spot-price-history --start-time/--end-time does not work,U-lis,2015-05-12T07:13:07Z,2015-05-14T01:50:54Z,https://github.com/U-lis,https://github.com/boto/botocore/issues/534,body placeholder
AWS c4.2xlarge,Add brenda permission to generated SQS queue?,robksawyer,2015-05-29T08:10:02Z,2015-06-18T09:17:06Z,https://github.com/robksawyer,https://github.com/robksawyer/brenda-web/issues/7,body placeholder
AWS c4.2xlarge,provider/aws: iam_instance_profile not ready when TF creates the LaunchConfig of an ASG,stefancocora,2015-05-29T15:00:17Z,2016-03-25T17:55:06Z,https://github.com/stefancocora,https://github.com/hashicorp/terraform/issues/2136,body placeholder
AWS c4.2xlarge,docker 1.7 events api reporting last 64 events causes issues,phobologic,2015-06-04T23:45:02Z,2015-06-10T17:34:13Z,https://github.com/phobologic,https://github.com/moby/moby/issues/13753,body placeholder
AWS c4.2xlarge,[1.7rc2] Relatively frequent error response from daemon trying to start container: "Link not found",nathanleclaire,2015-06-12T20:34:18Z,2015-06-12T23:09:23Z,https://github.com/nathanleclaire,https://github.com/moby/moby/issues/13917,body placeholder
AWS c4.2xlarge,Update to Postgres 9.4,kilodalton,2015-07-13T20:20:10Z,2015-11-01T00:21:30Z,https://github.com/kilodalton,https://github.com/ClinGen/clincoded/issues/79,body placeholder
AWS c4.2xlarge,100,000 /sec is... a lot -> ES tweaks?,mrdavidlaing,2015-07-20T09:17:55Z,2015-07-22T08:56:07Z,https://github.com/mrdavidlaing,https://github.com/sacheendra/es_benchmark/issues/1,body placeholder
AWS c4.2xlarge,Connects to #79 kd postgres94,kilodalton,2015-07-27T21:25:45Z,2015-07-28T16:58:14Z,https://github.com/kilodalton,https://github.com/ClinGen/clincoded/pull/136,body placeholder
AWS c4.2xlarge,[aws] bosh deploy is showing a diff in resource pools: ephemeral_disk.instance_type,drnic,2015-08-10T16:52:33Z,2015-08-28T01:10:15Z,https://github.com/drnic,https://github.com/cloudfoundry/bosh/issues/917,body placeholder
AWS c4.2xlarge,KPL native binaries consume all memory => crash,matej-prokop,2015-08-19T12:29:24Z,2017-02-15T16:16:29Z,https://github.com/matej-prokop,https://github.com/awslabs/amazon-kinesis-producer/issues/21,body placeholder
AWS c4.2xlarge,OrientDB 1.7.10 community under load will Hang Clients,jaschenk,2015-09-15T20:59:01Z,2016-05-13T13:47:20Z,https://github.com/jaschenk,https://github.com/orientechnologies/orientdb/issues/4971,body placeholder
AWS c4.2xlarge,String interpolation not working until resources are created.,davedash,2015-10-14T22:17:22Z,2016-10-27T15:28:20Z,https://github.com/davedash,https://github.com/hashicorp/terraform/issues/3506,body placeholder
AWS c4.2xlarge,ignore_changes doesn't seem to work,dwradcliffe,2015-10-19T20:35:59Z,2017-01-09T19:11:37Z,https://github.com/dwradcliffe,https://github.com/hashicorp/terraform/issues/3555,body placeholder
AWS c4.2xlarge,Question: What could be the possible reasons for socket-io server returning 400 Bad Request via nginx?,shamasis,2015-12-04T11:45:52Z,2016-08-08T14:10:12Z,https://github.com/shamasis,https://github.com/socketio/socket.io/issues/2333,body placeholder
AWS c4.2xlarge,Consider moving to reserved EC2 instances?,larsbergstrom,2016-01-08T14:43:20Z,2016-04-05T19:25:02Z,https://github.com/larsbergstrom,https://github.com/servo/saltfs/issues/190,body placeholder
AWS c4.2xlarge,Validate rack scale instance type input,nzoschke,2016-01-09T17:27:49Z,2016-10-01T18:59:26Z,https://github.com/nzoschke,https://github.com/convox/rack/issues/246,body placeholder
AWS c4.2xlarge,Certain instance types not supported,dtest,2016-01-14T17:01:19Z,2016-02-15T16:57:06Z,https://github.com/dtest,https://github.com/aws/amazon-ecs-cli/issues/64,body placeholder
AWS c4.2xlarge,Observing 6x slowdown while indexing documents on upgrading from 1.7 to 2.2,sacheendra,2016-02-15T18:27:36Z,2016-02-16T08:41:02Z,https://github.com/sacheendra,https://github.com/elastic/elasticsearch/issues/16681,body placeholder
AWS c4.2xlarge,How to scale,Bongsakorn,2016-02-18T04:25:10Z,2017-03-16T23:03:29Z,https://github.com/Bongsakorn,https://github.com/pinterest/secor/issues/182,body placeholder
AWS c4.2xlarge,Huge memory usage, unresponsive daemon (docker 1.10.1, ubuntu 14.04),phobologic,2016-02-22T22:43:11Z,2016-07-17T00:16:35Z,https://github.com/phobologic,https://github.com/moby/moby/issues/20586,body placeholder
AWS c4.2xlarge,add or remove 'resource "aws_instance"' destroys existing ec2 instance,jianhuawuchn,2016-03-15T06:15:12Z,2016-06-16T19:34:44Z,https://github.com/jianhuawuchn,https://github.com/hashicorp/terraform/issues/5632,body placeholder
AWS c4.2xlarge,Trying to read logs from other nodes in the cluster,carlsverre,2016-03-21T19:51:54Z,2016-04-18T17:17:21Z,https://github.com/carlsverre,https://github.com/hashicorp/nomad/issues/953,body placeholder
AWS c4.2xlarge,Aws deploy v2,kotfic,2016-03-23T12:23:52Z,2016-05-02T17:25:37Z,https://github.com/kotfic,https://github.com/OpenGeoscience/nex/pull/34,body placeholder
AWS c4.2xlarge,Fix block device mappings when cloning asg,ajordens,2016-04-01T00:48:22Z,2016-04-01T07:20:41Z,https://github.com/ajordens,https://github.com/spinnaker/clouddriver/pull/496,body placeholder
AWS c4.2xlarge,cpu load is too high ,xidianwlc,2016-04-08T08:24:13Z,2016-11-28T19:13:01Z,https://github.com/xidianwlc,https://github.com/moby/moby/issues/21880,body placeholder
FED: with s 200
FED: with b [object Object]
FED: with h [object Object]
*************************************
  --> searchterm.  : GCE n1-highcpu-4
  --> resultsCount : 20
*************************************

searchTerm,title,user,created,updated,userLink,pageLink,body
GCE n1-highcpu-4,High latency,sudhirj,2013-06-05T15:22:13Z,2016-11-10T14:26:31Z,https://github.com/sudhirj,https://github.com/GoogleCloudPlatform/google-cloud-datastore/issues/5,body placeholder
GCE n1-highcpu-4,V1beta15 updates,paulrossman,2013-08-05T19:30:28Z,2014-06-14T20:31:38Z,https://github.com/paulrossman,https://github.com/chef/knife-google/pull/18,body placeholder
GCE n1-highcpu-4,Manual Service Placement,n3trino,2013-09-06T07:20:55Z,2015-05-14T21:46:19Z,https://github.com/n3trino,https://github.com/AppScale/appscale/issues/717,body placeholder
GCE n1-highcpu-4,x/build/builders: move NetBSD builders to GCE,bradfitz,2014-09-03T23:19:06Z,2017-02-26T22:59:51Z,https://github.com/bradfitz,https://github.com/golang/go/issues/8643,body placeholder
GCE n1-highcpu-4,Tracking issue for compute engine performance,devoncarew,2014-12-29T19:21:48Z,2015-06-11T19:03:38Z,https://github.com/devoncarew,https://github.com/dart-lang/dart-services/issues/25,body placeholder
GCE n1-highcpu-4,builders: run Plan 9 builders on GCE,bradfitz,2015-01-02T23:10:35Z,2016-06-25T01:57:38Z,https://github.com/bradfitz,https://github.com/golang/go/issues/9491,body placeholder
GCE n1-highcpu-4,Consider moving events out of etcd,bgrant0607,2015-02-13T20:54:16Z,2016-02-10T21:19:08Z,https://github.com/bgrant0607,https://github.com/kubernetes/kubernetes/issues/4432,body placeholder
GCE n1-highcpu-4,Make 99% of API calls return in less than 1s; constant time to number of nodes and pods,davidopp,2015-02-18T07:08:09Z,2015-06-19T23:40:05Z,https://github.com/davidopp,https://github.com/kubernetes/kubernetes/issues/4521,body placeholder
GCE n1-highcpu-4,Francine hangs up after the following message.,syoyo,2015-05-28T06:21:54Z,2015-05-28T10:36:25Z,https://github.com/syoyo,https://github.com/lighttransport/francine/issues/8,body placeholder
GCE n1-highcpu-4,Deploy Hub to GCE instead of OpenShift,Splaktar,2015-08-25T03:17:28Z,2015-09-04T22:41:00Z,https://github.com/Splaktar,https://github.com/gdg-x/hub/issues/43,body placeholder
GCE n1-highcpu-4,GCE deployment fails - Wrong Zone Information,saswatp,2015-09-22T22:57:42Z,2015-09-25T16:21:04Z,https://github.com/saswatp,https://github.com/mantl/mantl/issues/710,body placeholder
GCE n1-highcpu-4,From time to time the database would become unresponsive even though CPU usage is minimal and database r/w is low,mshi,2015-11-04T17:00:49Z,2017-02-15T22:49:12Z,https://github.com/mshi,https://github.com/rethinkdb/rethinkdb/issues/5039,body placeholder
GCE n1-highcpu-4,NFS example does not work on google container engine.  ,arenoir,2016-04-22T21:12:04Z,2017-04-21T23:08:10Z,https://github.com/arenoir,https://github.com/kubernetes/kubernetes/issues/24687,body placeholder
GCE n1-highcpu-4,runtime: FreeBSD memory corruption involving fork system call,derekmarcotte,2016-05-12T02:24:56Z,2017-04-12T11:51:53Z,https://github.com/derekmarcotte,https://github.com/golang/go/issues/15658,body placeholder
GCE n1-highcpu-4,Unable to obtain > 40 RPS after migrating to our own Parse server,sohagfan,2016-06-10T22:43:33Z,2016-09-03T18:26:26Z,https://github.com/sohagfan,https://github.com/parse-community/parse-server/issues/2030,body placeholder
GCE n1-highcpu-4,WIP: Rework go builds to use a makefile and containerize the entire process.,spxtr,2016-06-21T01:24:50Z,2016-08-19T06:29:11Z,https://github.com/spxtr,https://github.com/kubernetes/kubernetes/pull/27746,body placeholder
GCE n1-highcpu-4,cmd/go: go test -i -compiler=gccgo does not work if gc standard packages are not installed,tamird,2016-08-15T14:35:34Z,2016-08-15T18:07:58Z,https://github.com/tamird,https://github.com/golang/go/issues/16701,body placeholder
GCE n1-highcpu-4,provider/gce: add n1-*-32 instance types,axw,2016-10-03T10:06:37Z,2016-10-05T05:00:48Z,https://github.com/axw,https://github.com/juju/juju/pull/6371,body placeholder
GCE n1-highcpu-4,commitlog_replayer - error replaying: std::bad_alloc (std::bad_alloc),amoskong,2017-02-21T03:37:20Z,2017-03-31T17:22:58Z,https://github.com/amoskong,https://github.com/scylladb/scylla/issues/2098,body placeholder
GCE n1-highcpu-4,Use batch operation (delete),xmedeko,2017-03-31T08:09:20Z,2017-04-05T17:03:12Z,https://github.com/xmedeko,https://github.com/GoogleCloudPlatform/gsutil/issues/420,body placeholder
FED: with s 200
FED: with b [object Object]
FED: with h [object Object]
*************************************
  --> searchterm.  : AWS c4.8xlarge
  --> resultsCount : 30
*************************************

searchTerm,title,user,created,updated,userLink,pageLink,body
AWS c4.8xlarge,ERROR: ReadBlockFromDisk : Deserialize or I/O error - ReadCompactSize() : size too large,eN0Rm,2015-01-15T18:12:56Z,2016-11-02T11:41:57Z,https://github.com/eN0Rm,https://github.com/bitcoin/bitcoin/issues/5668,body placeholder
AWS c4.8xlarge,[aws|compute] support c4.8xlarge flavor,ddoc,2015-02-18T03:50:20Z,2015-04-15T17:00:41Z,https://github.com/ddoc,https://github.com/ddoc/fog-aws/pull/2,body placeholder
AWS c4.8xlarge,[aws|compute] support c4.8xlarge flavor,ddoc,2015-02-18T03:52:43Z,2015-04-15T17:00:41Z,https://github.com/ddoc,https://github.com/fog/fog-aws/pull/56,body placeholder
AWS c4.8xlarge,Maintain list of EC2 instance types and AWS regions,pdehaan,2015-03-06T07:44:52Z,2015-03-07T01:01:33Z,https://github.com/pdehaan,https://github.com/loads/loads-web/issues/60,body placeholder
AWS c4.8xlarge,Add AWS regions and EC2 instance types to front end project builder,pdehaan,2015-03-07T02:00:09Z,2017-01-04T17:07:50Z,https://github.com/pdehaan,https://github.com/loads/loads-web/issues/62,body placeholder
AWS c4.8xlarge,0.14.0rc1 hangs on restart,tlopatic,2015-05-23T01:14:53Z,2015-05-23T17:18:27Z,https://github.com/tlopatic,https://github.com/prometheus/prometheus/issues/721,body placeholder
AWS c4.8xlarge,Add brenda permission to generated SQS queue?,robksawyer,2015-05-29T08:10:02Z,2015-06-18T09:17:06Z,https://github.com/robksawyer,https://github.com/robksawyer/brenda-web/issues/7,body placeholder
AWS c4.8xlarge,How did you get over 700k rps?,adwinsky,2015-07-07T12:04:36Z,2015-08-17T23:50:09Z,https://github.com/adwinsky,https://github.com/wg/wrk/issues/147,body placeholder
AWS c4.8xlarge,Two tests failing in unstable,mariano-perez-rodriguez,2015-08-05T14:45:14Z,2017-05-02T14:18:20Z,https://github.com/mariano-perez-rodriguez,https://github.com/antirez/redis/issues/2715,body placeholder
AWS c4.8xlarge,count wrong when there's more cores than features,mwillerich,2015-08-15T08:23:17Z,2015-08-15T16:39:04Z,https://github.com/mwillerich,https://github.com/grosser/parallel_tests/issues/427,body placeholder
AWS c4.8xlarge,cassandra-stress: fails with RF = 2 and CL = TWO,asias,2015-09-10T09:31:52Z,2015-09-23T22:19:39Z,https://github.com/asias,https://github.com/scylladb/scylla/issues/333,body placeholder
AWS c4.8xlarge,our latest ami coredump with c-s,asias,2015-09-21T05:53:05Z,2015-10-28T21:30:34Z,https://github.com/asias,https://github.com/scylladb/scylla/issues/380,body placeholder
AWS c4.8xlarge,Network Fingerprinting ,catsby,2015-09-22T16:43:52Z,2015-09-23T21:36:30Z,https://github.com/catsby,https://github.com/hashicorp/nomad/pull/77,body placeholder
AWS c4.8xlarge,gossip cannot rejoin a node,gleb-cloudius,2015-09-24T13:27:01Z,2015-10-20T12:18:12Z,https://github.com/gleb-cloudius,https://github.com/scylladb/scylla/issues/403,body placeholder
AWS c4.8xlarge,investigate doing multi-part prefetch for read,kahing,2015-10-21T19:30:42Z,2015-12-01T23:39:59Z,https://github.com/kahing,https://github.com/kahing/goofys/issues/21,body placeholder
AWS c4.8xlarge,Doc2vec not parallelizing,fccoelho,2015-11-17T22:51:19Z,2016-10-05T12:23:19Z,https://github.com/fccoelho,https://github.com/RaRe-Technologies/gensim/issues/532,body placeholder
AWS c4.8xlarge,Nomad client deregistering from consul,BSick7,2015-12-02T13:39:41Z,2015-12-11T22:54:13Z,https://github.com/BSick7,https://github.com/hashicorp/nomad/issues/525,body placeholder
AWS c4.8xlarge,Consider moving to reserved EC2 instances?,larsbergstrom,2016-01-08T14:43:20Z,2016-04-05T19:25:02Z,https://github.com/larsbergstrom,https://github.com/servo/saltfs/issues/190,body placeholder
AWS c4.8xlarge,Validate rack scale instance type input,nzoschke,2016-01-09T17:27:49Z,2016-10-01T18:59:26Z,https://github.com/nzoschke,https://github.com/convox/rack/issues/246,body placeholder
AWS c4.8xlarge,Certain instance types not supported,dtest,2016-01-14T17:01:19Z,2016-02-15T16:57:06Z,https://github.com/dtest,https://github.com/aws/amazon-ecs-cli/issues/64,body placeholder
AWS c4.8xlarge,Support parallel processing of bootstrap replicates,davidkretch,2016-02-02T03:07:18Z,2016-03-27T17:16:40Z,https://github.com/davidkretch,https://github.com/davidkretch/bootrlm/issues/1,body placeholder
AWS c4.8xlarge,Scaling SocketCluster - Running into problems,ryanpager,2016-03-02T05:49:44Z,2016-05-11T16:53:01Z,https://github.com/ryanpager,https://github.com/SocketCluster/socketcluster/issues/161,body placeholder
AWS c4.8xlarge,[FLINK-2909] [Gelly] Graph generators,greghogan,2016-03-17T00:55:27Z,2016-04-13T18:29:56Z,https://github.com/greghogan,https://github.com/apache/flink/pull/1807,body placeholder
AWS c4.8xlarge,Uploading ArrayBuffers/ArrayBufferViews are slow in Chrome compared to Firefox,kentor,2016-04-12T19:05:46Z,2016-04-12T21:29:36Z,https://github.com/kentor,https://github.com/aws/aws-sdk-js/issues/960,body placeholder
AWS c4.8xlarge,AWS: Support spot fleet,justinsb,2016-04-19T14:57:35Z,2017-03-13T22:35:04Z,https://github.com/justinsb,https://github.com/kubernetes/kubernetes/issues/24472,body placeholder
AWS c4.8xlarge,Recommended CPU and RAM for ~1000 requests/s,janjilek,2016-04-26T10:57:15Z,2016-06-23T14:18:53Z,https://github.com/janjilek,https://github.com/orientechnologies/orientdb/issues/6047,body placeholder
AWS c4.8xlarge,CPU Performance regression,treo,2016-04-28T18:18:30Z,2016-06-03T12:48:07Z,https://github.com/treo,https://github.com/deeplearning4j/libnd4j/issues/151,body placeholder
AWS c4.8xlarge,Parallelize iterators,benbjohnson,2016-05-09T16:24:47Z,2017-04-10T15:17:17Z,https://github.com/benbjohnson,https://github.com/influxdata/influxdb/pull/6585,body placeholder
AWS c4.8xlarge,Parallelize query planning,benbjohnson,2016-05-11T16:30:13Z,2017-04-10T15:17:18Z,https://github.com/benbjohnson,https://github.com/influxdata/influxdb/pull/6598,body placeholder
AWS c4.8xlarge,AWS: Agent does not update instance type changes,sebastianvilla,2016-05-14T06:43:56Z,2016-05-23T16:33:10Z,https://github.com/sebastianvilla,https://github.com/docker/dockercloud-agent/issues/14,body placeholder
FED: with s 200
FED: with b [object Object]
FED: with h [object Object]
*************************************
  --> searchterm.  : AWS c3.large
  --> resultsCount : 30
*************************************

searchTerm,title,user,created,updated,userLink,pageLink,body
AWS c3.large,Composer update runs out of memory,jrooi,2013-05-14T13:11:47Z,2016-03-02T17:41:09Z,https://github.com/jrooi,https://github.com/composer/composer/issues/1898,body placeholder
AWS c3.large,Fix regressions in the LevelDB benchmark,michaelcahill,2013-05-31T01:42:55Z,2015-04-09T01:07:12Z,https://github.com/michaelcahill,https://github.com/wiredtiger/wiredtiger/issues/562,body placeholder
AWS c3.large,Server starts with IP address "None",eggplantpasta,2013-07-13T00:48:56Z,2013-07-20T05:25:34Z,https://github.com/eggplantpasta,https://github.com/toffer/minecloud/issues/2,body placeholder
AWS c3.large,Slow Terminal Action,yebyen,2013-09-26T12:52:22Z,2014-08-29T18:02:58Z,https://github.com/yebyen,https://github.com/urbit/archaeology/issues/20,body placeholder
AWS c3.large,Added the ability to add EBS volumes to EC2 instances at creation time,willthames,2013-10-16T05:39:54Z,2015-07-02T21:59:42Z,https://github.com/willthames,https://github.com/ansible/ansible/pull/4534,body placeholder
AWS c3.large,Fixing c3.large ioperf,tplesnar,2013-12-02T10:09:43Z,2014-06-24T08:27:21Z,https://github.com/tplesnar,https://github.com/powdahound/ec2instances.info/pull/51,body placeholder
AWS c3.large,Move OpenSpending.org and FarmSubsidy.org hosting,rufuspollock,2013-12-12T15:15:35Z,2014-04-03T14:42:39Z,https://github.com/rufuspollock,https://github.com/openspending/openspending/issues/738,body placeholder
AWS c3.large,cloud_aws: add multiple instance types to launch instance,lamadon,2013-12-12T15:36:36Z,2013-12-19T13:52:37Z,https://github.com/lamadon,https://github.com/ohmu/poni/pull/37,body placeholder
AWS c3.large,Setup for AWS AMI Hangs compiling TBB,ajtrichards,2013-12-16T15:47:14Z,2015-03-10T15:45:50Z,https://github.com/ajtrichards,https://github.com/facebook/hhvm/issues/1362,body placeholder
AWS c3.large,ec2 module: Ephemeral devices can now be specified at instance creation time.,Geryon,2013-12-26T18:21:34Z,2014-07-14T02:03:55Z,https://github.com/Geryon,https://github.com/ansible/ansible/pull/5428,body placeholder
AWS c3.large,The I/O performance data for the c3 is incorrect,solomonty,2014-01-15T18:44:21Z,2014-04-20T22:10:38Z,https://github.com/solomonty,https://github.com/powdahound/ec2instances.info/issues/56,body placeholder
AWS c3.large,Sync copies no files,jessereynolds,2014-01-22T07:06:32Z,2014-01-22T07:11:09Z,https://github.com/jessereynolds,https://github.com/mitchellh/vagrant-aws/issues/189,body placeholder
AWS c3.large,In the README, add recommended approach for setting AWS credentials,PaulDuvall,2014-01-28T22:09:43Z,2014-01-28T22:09:43Z,https://github.com/PaulDuvall,https://github.com/stelligent/cdri/issues/3,body placeholder
AWS c3.large,StartCluster 0.95 failed to launch on g2.2xlarge(G2 GPU) node,syoyo,2014-02-08T15:45:31Z,2014-09-13T22:41:28Z,https://github.com/syoyo,https://github.com/jtriley/StarCluster/issues/365,body placeholder
AWS c3.large,getaddrinfo: nodename nor servname provided, or not known (SocketError),jessereynolds,2014-02-09T14:40:21Z,2016-06-29T01:03:50Z,https://github.com/jessereynolds,https://github.com/mitchellh/vagrant-aws/issues/198,body placeholder
AWS c3.large,storm-deploy for "new generation" ec2 hardware,vanjos,2014-02-13T14:35:35Z,2014-04-03T23:14:13Z,https://github.com/vanjos,https://github.com/nathanmarz/storm-deploy/issues/57,body placeholder
AWS c3.large,sync and cp hangs with a large amount of files,moatazelmasry2,2014-02-18T14:28:16Z,2014-08-28T19:41:13Z,https://github.com/moatazelmasry2,https://github.com/aws/aws-cli/issues/657,body placeholder
AWS c3.large,segfault after MemoryError() in 'sklearn.tree._tree.Tree._resize',danstowell,2014-02-27T08:50:34Z,2014-05-12T13:03:34Z,https://github.com/danstowell,https://github.com/scikit-learn/scikit-learn/issues/2908,body placeholder
AWS c3.large,Patch 1,PaulDuvall,2014-03-11T20:54:30Z,2014-03-11T22:19:26Z,https://github.com/PaulDuvall,https://github.com/codeforamerica/honolulu_answers/pull/49,body placeholder
AWS c3.large,Update CFN to allow starting of i2.2xlarge ES nodes,dpb587,2014-03-19T12:21:20Z,2014-03-19T17:45:41Z,https://github.com/dpb587,https://github.com/cityindex-attic/logsearch/pull/358,body placeholder
AWS c3.large,block/extent system walkthrough,agorrod,2014-03-21T05:12:08Z,2015-04-09T01:07:56Z,https://github.com/agorrod,https://github.com/wiredtiger/wiredtiger/issues/924,body placeholder
AWS c3.large,Fog::Compute::AWS::Flavor#cores vs vCPU vs ECU,tisba,2014-03-24T19:38:25Z,2015-01-15T20:54:00Z,https://github.com/tisba,https://github.com/fog/fog/issues/2785,body placeholder
AWS c3.large,What  standard hardware would be used for hosting repositories?,kikec,2014-04-26T18:53:25Z,2014-05-26T13:40:14Z,https://github.com/kikec,https://github.com/yegor256/thindeck/issues/76,body placeholder
AWS c3.large,Deis should spin up multiple routers for HA,carmstrong,2014-05-07T22:05:06Z,2014-05-15T23:30:02Z,https://github.com/carmstrong,https://github.com/deis/deis/issues/922,body placeholder
AWS c3.large,Cannot successfully launch anything.,danscan,2014-05-08T10:11:39Z,2014-05-27T18:32:35Z,https://github.com/danscan,https://github.com/deis/deis/issues/932,body placeholder
AWS c3.large,Ebs-backed EC2 instances with resized root volumes are not restartable,zopa,2014-05-08T19:32:33Z,2015-02-09T11:34:35Z,https://github.com/zopa,https://github.com/NixOS/nixops/issues/186,body placeholder
AWS c3.large,error trying to provision multiple machines with ansible,khadrin,2014-05-12T20:36:45Z,2014-05-13T17:50:31Z,https://github.com/khadrin,https://github.com/mitchellh/vagrant/issues/3759,body placeholder
AWS c3.large,Added some stuff for metrics,calvertj,2014-05-13T01:46:20Z,2014-05-14T01:32:42Z,https://github.com/calvertj,https://github.com/tdanford/scheduling-simulator/pull/2,body placeholder
AWS c3.large,No server available (from time to time),maxguzenski,2014-05-20T01:18:30Z,2016-03-23T19:08:23Z,https://github.com/maxguzenski,https://github.com/petergoldstein/dalli/issues/457,body placeholder
AWS c3.large,Riak search index being corrupted sometimes. [JIRA: RIAK-2110],mogadanez,2014-05-22T13:43:43Z,2015-08-19T14:33:17Z,https://github.com/mogadanez,https://github.com/basho/riak/issues/547,body placeholder
FED: with s 200
FED: with b [object Object]
FED: with h [object Object]
*************************************
  --> searchterm.  : AWS c3.8xlarge
  --> resultsCount : 30
*************************************

searchTerm,title,user,created,updated,userLink,pageLink,body
AWS c3.8xlarge,Fix regressions in the LevelDB benchmark,michaelcahill,2013-05-31T01:42:55Z,2015-04-09T01:07:12Z,https://github.com/michaelcahill,https://github.com/wiredtiger/wiredtiger/issues/562,body placeholder
AWS c3.8xlarge,Connection time out on long running ipcluster jobs,bfeeny,2013-12-11T22:22:52Z,2014-01-25T22:49:32Z,https://github.com/bfeeny,https://github.com/ipython/ipython/issues/4676,body placeholder
AWS c3.8xlarge,Setup for AWS AMI Hangs compiling TBB,ajtrichards,2013-12-16T15:47:14Z,2015-03-10T15:45:50Z,https://github.com/ajtrichards,https://github.com/facebook/hhvm/issues/1362,body placeholder
AWS c3.8xlarge,Issue with IAM role,goelvivek,2013-12-18T09:08:51Z,2014-12-16T21:32:15Z,https://github.com/goelvivek,https://github.com/aws/aws-sdk-js/issues/205,body placeholder
AWS c3.8xlarge,The I/O performance data for the c3 is incorrect,solomonty,2014-01-15T18:44:21Z,2014-04-20T22:10:38Z,https://github.com/solomonty,https://github.com/powdahound/ec2instances.info/issues/56,body placeholder
AWS c3.8xlarge,Improve LSM performance with wtperf tests 1-4,michaelcahill,2014-02-20T11:23:42Z,2015-04-09T01:58:38Z,https://github.com/michaelcahill,https://github.com/wiredtiger/wiredtiger/pull/877,body placeholder
AWS c3.8xlarge,segfault after MemoryError() in 'sklearn.tree._tree.Tree._resize',danstowell,2014-02-27T08:50:34Z,2014-05-12T13:03:34Z,https://github.com/danstowell,https://github.com/scikit-learn/scikit-learn/issues/2908,body placeholder
AWS c3.8xlarge,block/extent system walkthrough,agorrod,2014-03-21T05:12:08Z,2015-04-09T01:07:56Z,https://github.com/agorrod,https://github.com/wiredtiger/wiredtiger/issues/924,body placeholder
AWS c3.8xlarge,Fixing Jclouds-509,lahirus,2014-03-27T18:25:21Z,2014-11-11T20:48:56Z,https://github.com/lahirus,https://github.com/jclouds/jclouds/pull/333,body placeholder
AWS c3.8xlarge,truncated S3 read stream ,jfirebaugh,2014-04-06T23:17:20Z,2016-03-21T08:04:15Z,https://github.com/jfirebaugh,https://github.com/aws/aws-sdk-js/issues/257,body placeholder
AWS c3.8xlarge,Using a lot of memory...,jostheim,2014-04-11T04:42:06Z,2014-05-22T23:37:25Z,https://github.com/jostheim,https://github.com/probcomp/BayesDB/issues/21,body placeholder
AWS c3.8xlarge,How to increase deploy timeout limit at AWS Opsworks?,interpegasus,2014-05-06T21:17:49Z,2015-01-05T16:24:00Z,https://github.com/interpegasus,https://github.com/aws/opsworks-cookbooks/issues/133,body placeholder
AWS c3.8xlarge,RandomState_ctor accesses /dev/urandom, a significant bottleneck when copying RandomStates,depristo,2014-05-31T14:34:21Z,2014-07-15T15:23:09Z,https://github.com/depristo,https://github.com/numpy/numpy/issues/4763,body placeholder
AWS c3.8xlarge,Add a command to dump the listing of an S3 bucket.,aybabtme,2014-06-11T19:05:13Z,2014-06-12T21:44:45Z,https://github.com/aybabtme,https://github.com/Shopify/brigade/pull/1,body placeholder
AWS c3.8xlarge,Multiple databases can achieve greater throughput than a single database,agorrod,2014-06-13T07:26:06Z,2015-04-09T01:08:13Z,https://github.com/agorrod,https://github.com/wiredtiger/wiredtiger/issues/1068,body placeholder
AWS c3.8xlarge,Installing bcbio on Amazon Cloud with starcluster,ghost,2014-09-03T00:19:34Z,2015-10-03T05:53:50Z,https://github.com/ghost,https://github.com/chapmanb/bcbio-nextgen/issues/573,body placeholder
AWS c3.8xlarge,GPU,txt3rob,2014-10-03T08:20:39Z,2015-04-07T06:12:17Z,https://github.com/txt3rob,https://github.com/jamesyonan/brenda/issues/11,body placeholder
AWS c3.8xlarge,AWS Placement Group resource - feature request,mr--white,2014-10-09T21:58:46Z,2014-10-10T20:53:55Z,https://github.com/mr--white,https://github.com/hashicorp/terraform/issues/383,body placeholder
AWS c3.8xlarge,cancer/normal example fails - errno 15 - ENOTBLK ,kern3020,2014-11-29T02:15:59Z,2014-12-03T10:53:05Z,https://github.com/kern3020,https://github.com/chapmanb/bcbio-nextgen-vm/issues/39,body placeholder
AWS c3.8xlarge,AWS: Memcached using DHCP, SMP throws an Assert on AWS while load is running,slivne,2015-01-26T12:23:28Z,2015-01-26T12:23:28Z,https://github.com/slivne,https://github.com/scylladb/seastar/issues/18,body placeholder
AWS c3.8xlarge,LdaMulticore doesn't use more than 4 cores when workers=31 (32-core aws machine),romovpa,2015-02-01T13:30:15Z,2016-10-05T11:56:26Z,https://github.com/romovpa,https://github.com/RaRe-Technologies/gensim/issues/288,body placeholder
AWS c3.8xlarge,Maintain list of EC2 instance types and AWS regions,pdehaan,2015-03-06T07:44:52Z,2015-03-07T01:01:33Z,https://github.com/pdehaan,https://github.com/loads/loads-web/issues/60,body placeholder
AWS c3.8xlarge,Add AWS regions and EC2 instance types to front end project builder,pdehaan,2015-03-07T02:00:09Z,2017-01-04T17:07:50Z,https://github.com/pdehaan,https://github.com/loads/loads-web/issues/62,body placeholder
AWS c3.8xlarge,Performance Regression in aws-sdk,sboora,2015-04-01T16:37:52Z,2015-06-15T19:45:16Z,https://github.com/sboora,https://github.com/aws/aws-sdk-js/issues/554,body placeholder
AWS c3.8xlarge,Feature: Show the current SPOT cost ,cristim,2015-04-06T14:04:38Z,2017-03-14T14:32:55Z,https://github.com/cristim,https://github.com/powdahound/ec2instances.info/issues/109,body placeholder
AWS c3.8xlarge,Sync Gw perf testing of distributed_cache branch on AWS,tleyden,2015-04-15T03:40:23Z,2015-05-15T18:00:47Z,https://github.com/tleyden,https://github.com/couchbase/sync_gateway/issues/781,body placeholder
AWS c3.8xlarge,Memory Allocation Fail,joey711,2015-04-25T01:13:42Z,2015-07-29T05:24:16Z,https://github.com/joey711,https://github.com/benjjneb/dada2/issues/17,body placeholder
AWS c3.8xlarge,IO Thread getting into state where it is never ready to write,youngm,2015-04-29T20:45:42Z,2016-12-09T01:19:07Z,https://github.com/youngm,https://github.com/hazelcast/hazelcast/issues/5209,body placeholder
AWS c3.8xlarge,updated ec2 instance types,brendancol,2015-05-08T19:02:25Z,2015-05-10T02:21:19Z,https://github.com/brendancol,https://github.com/apache/spark/pull/6014,body placeholder
AWS c3.8xlarge,aws ec2 describe-spot-price-history --start-time/--end-time does not work,U-lis,2015-05-12T07:13:07Z,2015-05-14T01:50:54Z,https://github.com/U-lis,https://github.com/boto/botocore/issues/534,body placeholder
FED: with s 200
FED: with b [object Object]
FED: with h [object Object]
*************************************
  --> searchterm.  : AWS c4.4xlarge
  --> resultsCount : 30
*************************************

searchTerm,title,user,created,updated,userLink,pageLink,body
AWS c4.4xlarge,Error code 35072,dbaldwin,2014-12-27T00:05:30Z,2016-12-27T15:04:10Z,https://github.com/dbaldwin,https://github.com/OpenDroneMap/OpenDroneMap/issues/28,body placeholder
AWS c4.4xlarge,Shard stuck in relocating state with recovery stage=translog,ppf2,2015-01-09T23:10:42Z,2015-06-03T11:19:45Z,https://github.com/ppf2,https://github.com/elastic/elasticsearch/issues/9226,body placeholder
AWS c4.4xlarge,Maintain list of EC2 instance types and AWS regions,pdehaan,2015-03-06T07:44:52Z,2015-03-07T01:01:33Z,https://github.com/pdehaan,https://github.com/loads/loads-web/issues/60,body placeholder
AWS c4.4xlarge,Add AWS regions and EC2 instance types to front end project builder,pdehaan,2015-03-07T02:00:09Z,2017-01-04T17:07:50Z,https://github.com/pdehaan,https://github.com/loads/loads-web/issues/62,body placeholder
AWS c4.4xlarge,aws ec2 describe-spot-price-history --start-time/--end-time does not work,U-lis,2015-05-12T07:13:07Z,2015-05-14T01:50:54Z,https://github.com/U-lis,https://github.com/boto/botocore/issues/534,body placeholder
AWS c4.4xlarge,runtime: random fatal errors in runtime,methane,2015-05-23T18:27:26Z,2016-06-25T02:09:26Z,https://github.com/methane,https://github.com/golang/go/issues/10941,body placeholder
AWS c4.4xlarge,Add brenda permission to generated SQS queue?,robksawyer,2015-05-29T08:10:02Z,2015-06-18T09:17:06Z,https://github.com/robksawyer,https://github.com/robksawyer/brenda-web/issues/7,body placeholder
AWS c4.4xlarge,Requests get dropped silently when logging to file,macarenomarco,2015-07-22T02:57:48Z,2015-08-13T20:54:33Z,https://github.com/macarenomarco,https://github.com/gatling/gatling/issues/2773,body placeholder
AWS c4.4xlarge,Way to disable per-container memory limit in task definition,robbyt,2015-08-03T03:49:13Z,2017-01-31T21:11:44Z,https://github.com/robbyt,https://github.com/aws/amazon-ecs-agent/issues/155,body placeholder
AWS c4.4xlarge,Statsd-proxy missing metrics,pierrevocat,2015-09-07T13:13:02Z,2016-08-10T08:24:50Z,https://github.com/pierrevocat,https://github.com/etsy/statsd/issues/540,body placeholder
AWS c4.4xlarge,packing SA std::bad_alloc,barkasn,2015-10-03T15:56:03Z,2015-11-04T20:27:09Z,https://github.com/barkasn,https://github.com/alexdobin/STAR/issues/75,body placeholder
AWS c4.4xlarge,Rapid leader elections and request timeouts causing write failures,jenspinney,2015-10-29T21:53:19Z,2016-04-21T21:24:10Z,https://github.com/jenspinney,https://github.com/coreos/etcd/issues/3779,body placeholder
AWS c4.4xlarge,Cuda 3.0?,infojunkie,2015-11-09T18:40:08Z,2017-02-09T17:07:32Z,https://github.com/infojunkie,https://github.com/tensorflow/tensorflow/issues/25,body placeholder
AWS c4.4xlarge,Consider moving to reserved EC2 instances?,larsbergstrom,2016-01-08T14:43:20Z,2016-04-05T19:25:02Z,https://github.com/larsbergstrom,https://github.com/servo/saltfs/issues/190,body placeholder
AWS c4.4xlarge,Validate rack scale instance type input,nzoschke,2016-01-09T17:27:49Z,2016-10-01T18:59:26Z,https://github.com/nzoschke,https://github.com/convox/rack/issues/246,body placeholder
AWS c4.4xlarge,Certain instance types not supported,dtest,2016-01-14T17:01:19Z,2016-02-15T16:57:06Z,https://github.com/dtest,https://github.com/aws/amazon-ecs-cli/issues/64,body placeholder
AWS c4.4xlarge,1.10-rc3: failed to push large image layer,clkao,2016-02-03T15:23:14Z,2016-02-03T20:33:29Z,https://github.com/clkao,https://github.com/moby/moby/issues/19967,body placeholder
AWS c4.4xlarge,Usual input load around 7000 msg/s - output works intermitently,thebox-dev,2016-02-18T17:44:11Z,2016-10-17T09:39:23Z,https://github.com/thebox-dev,https://github.com/Graylog2/graylog2-server/issues/1839,body placeholder
AWS c4.4xlarge,Linear Source Approximation,samuelshaner,2016-02-23T03:57:39Z,2016-05-31T22:34:39Z,https://github.com/samuelshaner,https://github.com/mit-crpg/OpenMOC/pull/273,body placeholder
AWS c4.4xlarge,CannotInspectContainerError: Could not transition to inspecting,hridyeshpant,2016-03-11T00:43:18Z,2016-07-05T03:18:38Z,https://github.com/hridyeshpant,https://github.com/aws/amazon-ecs-agent/issues/336,body placeholder
AWS c4.4xlarge,[jvm-packages] Can't actually build the jvm-package without "-DskipTests" option,avloss,2016-04-12T03:34:45Z,2016-09-07T07:31:52Z,https://github.com/avloss,https://github.com/dmlc/xgboost/issues/1105,body placeholder
AWS c4.4xlarge,AWS: Support spot fleet,justinsb,2016-04-19T14:57:35Z,2017-03-13T22:35:04Z,https://github.com/justinsb,https://github.com/kubernetes/kubernetes/issues/24472,body placeholder
AWS c4.4xlarge,Sporadic RPC error "containerd: container did not start before the specified timeout",talon-hartmann,2016-04-21T12:36:11Z,2017-04-12T14:25:32Z,https://github.com/talon-hartmann,https://github.com/moby/moby/issues/22226,body placeholder
AWS c4.4xlarge,Windows buildslaves not coming up for experimental builds,david-german-tri,2016-04-27T15:48:05Z,2016-05-18T15:42:51Z,https://github.com/david-german-tri,https://github.com/RobotLocomotion/drake/issues/2199,body placeholder
AWS c4.4xlarge,Seeing elevated network read ECONNRESET from AWS,nodesocket,2016-04-28T21:37:08Z,2017-03-09T06:37:25Z,https://github.com/nodesocket,https://github.com/npm/registry/issues/10,body placeholder
AWS c4.4xlarge,[WIP] Add structure to enable baking Moby Linux AMI,nathanleclaire,2016-04-30T01:03:17Z,2016-05-09T18:33:22Z,https://github.com/nathanleclaire,https://github.com/linuxkit/linuxkit/pull/116,body placeholder
AWS c4.4xlarge,General questions,jazzl0ver,2016-05-12T11:01:46Z,2017-04-26T11:42:01Z,https://github.com/jazzl0ver,https://github.com/goadapp/goad/issues/28,body placeholder
AWS c4.4xlarge,Launching on AWS m3 instance type generates an error,wdm78,2016-05-15T17:10:35Z,2016-05-15T19:54:26Z,https://github.com/wdm78,https://github.com/alces-software/flight-aws-marketplace/issues/51,body placeholder
AWS c4.4xlarge,Bulk processing slows down over a large reprocess,charvolant,2016-05-20T00:50:35Z,2017-05-04T23:40:26Z,https://github.com/charvolant,https://github.com/AtlasOfLivingAustralia/biocache-store/issues/127,body placeholder
AWS c4.4xlarge,Compute node sizes listed in AWS CFN template might be difficult to understand,wdm78,2016-05-23T08:24:42Z,2016-05-24T17:14:25Z,https://github.com/wdm78,https://github.com/alces-software/flight-aws-marketplace/issues/67,body placeholder
FED: with s 200
FED: with b [object Object]
FED: with h [object Object]
*************************************
  --> searchterm.  : AWS c4.xlarge
  --> resultsCount : 30
*************************************

searchTerm,title,user,created,updated,userLink,pageLink,body
AWS c4.xlarge,error message: Network interfaces and an instance-level subnet ID may not be specified on the same request,mohdalif,2014-02-13T13:34:34Z,2017-02-22T04:49:42Z,https://github.com/mohdalif,https://github.com/aws/aws-sdk-php/issues/231,body placeholder
AWS c4.xlarge,Memory leak when putting records to Kinesis,uskudnik,2014-08-01T14:50:58Z,2016-10-20T01:09:54Z,https://github.com/uskudnik,https://github.com/aws/aws-sdk-js/issues/329,body placeholder
AWS c4.xlarge,Maintain list of EC2 instance types and AWS regions,pdehaan,2015-03-06T07:44:52Z,2015-03-07T01:01:33Z,https://github.com/pdehaan,https://github.com/loads/loads-web/issues/60,body placeholder
AWS c4.xlarge,Add AWS regions and EC2 instance types to front end project builder,pdehaan,2015-03-07T02:00:09Z,2017-01-04T17:07:50Z,https://github.com/pdehaan,https://github.com/loads/loads-web/issues/62,body placeholder
AWS c4.xlarge,Getting only 504 after a random timeframe,m3kka,2015-04-02T10:08:24Z,2015-04-22T15:27:25Z,https://github.com/m3kka,https://github.com/prerender/prerender/issues/172,body placeholder
AWS c4.xlarge,On bosh -n deploy, get expected string value for option instance_type,slin1202,2015-04-07T14:58:08Z,2015-04-08T04:02:34Z,https://github.com/slin1202,https://github.com/cloudfoundry/diego-release/issues/32,body placeholder
AWS c4.xlarge,Failure at unexpected request rate,aidylewis,2015-04-14T11:02:23Z,2015-04-16T13:22:45Z,https://github.com/aidylewis,https://github.com/gatling/gatling/issues/2682,body placeholder
AWS c4.xlarge,Support use cases with conditional logic,phinze,2015-04-20T21:38:59Z,2017-03-09T22:19:38Z,https://github.com/phinze,https://github.com/hashicorp/terraform/issues/1604,body placeholder
AWS c4.xlarge,Frequent membership loss for 50-100 node cluster in AWS,Amit-PivotalLabs,2015-05-07T17:17:14Z,2016-09-21T17:13:23Z,https://github.com/Amit-PivotalLabs,https://github.com/hashicorp/consul/issues/916,body placeholder
AWS c4.xlarge,aws ec2 describe-spot-price-history --start-time/--end-time does not work,U-lis,2015-05-12T07:13:07Z,2015-05-14T01:50:54Z,https://github.com/U-lis,https://github.com/boto/botocore/issues/534,body placeholder
AWS c4.xlarge,Add brenda permission to generated SQS queue?,robksawyer,2015-05-29T08:10:02Z,2015-06-18T09:17:06Z,https://github.com/robksawyer,https://github.com/robksawyer/brenda-web/issues/7,body placeholder
AWS c4.xlarge,provider/aws: iam_instance_profile not ready when TF creates the LaunchConfig of an ASG,stefancocora,2015-05-29T15:00:17Z,2016-03-25T17:55:06Z,https://github.com/stefancocora,https://github.com/hashicorp/terraform/issues/2136,body placeholder
AWS c4.xlarge,Network interfaces and an instance-level security groups may not be specified on the same request,PSiAU,2015-05-30T00:39:45Z,2015-05-30T07:01:39Z,https://github.com/PSiAU,https://github.com/aws/aws-sdk-php/issues/601,body placeholder
AWS c4.xlarge,remove node stops working with loadbalancer,dkoppstein,2015-06-08T16:01:30Z,2015-06-08T17:39:55Z,https://github.com/dkoppstein,https://github.com/jtriley/StarCluster/issues/536,body placeholder
AWS c4.xlarge,Change instance type in aws,wallies,2015-06-11T14:37:17Z,2015-06-15T16:38:59Z,https://github.com/wallies,https://github.com/Capgemini/Apollo/issues/296,body placeholder
AWS c4.xlarge,Changing AWS instance type,nwalke,2015-06-16T13:57:29Z,2015-07-02T03:54:26Z,https://github.com/nwalke,https://github.com/hashicorp/terraform/issues/2365,body placeholder
AWS c4.xlarge,InstanceType isn't enumerated,alanmimms,2015-06-18T18:56:51Z,2015-06-29T19:25:20Z,https://github.com/alanmimms,https://github.com/aws/aws-sdk-js/issues/630,body placeholder
AWS c4.xlarge,[graphdriver] prior storage driver "aufs" failed: invalid argument,phobologic,2015-06-18T20:29:28Z,2017-02-04T11:23:29Z,https://github.com/phobologic,https://github.com/moby/moby/issues/14026,body placeholder
AWS c4.xlarge,npm install task (not msbuild) fails with EPERM on hosted build ,rosieks,2015-07-14T19:48:04Z,2016-04-21T12:01:52Z,https://github.com/rosieks,https://github.com/Microsoft/vsts-tasks/issues/323,body placeholder
AWS c4.xlarge,Add Ephemeral EBS Support to AWS Spot Instances,dpb587,2015-07-23T00:32:09Z,2015-11-06T17:54:18Z,https://github.com/dpb587,https://github.com/cloudfoundry/bosh/pull/888,body placeholder
AWS c4.xlarge,count wrong when there's more cores than features,mwillerich,2015-08-15T08:23:17Z,2015-08-15T16:39:04Z,https://github.com/mwillerich,https://github.com/grosser/parallel_tests/issues/427,body placeholder
AWS c4.xlarge,KPL native binaries consume all memory => crash,matej-prokop,2015-08-19T12:29:24Z,2017-02-15T16:16:29Z,https://github.com/matej-prokop,https://github.com/awslabs/amazon-kinesis-producer/issues/21,body placeholder
AWS c4.xlarge,Resizing instances,Fodoj,2015-08-20T14:20:58Z,2015-08-27T19:15:55Z,https://github.com/Fodoj,https://github.com/chef/chef-provisioning-aws/issues/297,body placeholder
AWS c4.xlarge,AMI does not get ixgbevf on c4.*xlarge,syuu1228,2015-09-01T09:00:26Z,2015-11-05T08:13:46Z,https://github.com/syuu1228,https://github.com/scylladb/scylla/issues/252,body placeholder
AWS c4.xlarge,provider/aws: Elastic Beanstalk Application and Environment,catsby,2015-09-02T20:09:10Z,2016-05-04T16:09:55Z,https://github.com/catsby,https://github.com/hashicorp/terraform/pull/3157,body placeholder
AWS c4.xlarge,Scylla on AWS throws a SIGSEGV,slivne,2015-09-09T13:20:54Z,2015-09-22T12:06:03Z,https://github.com/slivne,https://github.com/scylladb/scylla/issues/326,body placeholder
AWS c4.xlarge,get_password_data fails for Windows machine that has already changed the password,alexmanly,2015-09-10T11:46:40Z,2015-09-16T20:12:41Z,https://github.com/alexmanly,https://github.com/chef/chef-provisioning-aws/issues/320,body placeholder
AWS c4.xlarge,How many concurrent video calls can go on for a room with 5 participants using AWS c4.xlarge(4 core, 8 GB RAM) instance,ajithreddy,2015-09-17T11:15:00Z,2015-09-17T11:15:00Z,https://github.com/ajithreddy,https://github.com/lynckia/licode/issues/348,body placeholder
AWS c4.xlarge,add jimp test to benchmarks?,jcupitt,2015-09-26T12:04:02Z,2015-10-10T17:52:49Z,https://github.com/jcupitt,https://github.com/lovell/sharp/issues/275,body placeholder
AWS c4.xlarge,Update default AWS instance types,mtekel,2015-09-29T16:48:04Z,2015-09-30T10:33:59Z,https://github.com/mtekel,https://github.com/cloudfoundry/cf-release/pull/799,body placeholder
FED: with s 200
FED: with b [object Object]
FED: with h [object Object]
*************************************
  --> searchterm.  : GCE n1-highcpu-2
  --> resultsCount : 28
*************************************

searchTerm,title,user,created,updated,userLink,pageLink,body
GCE n1-highcpu-2,High latency,sudhirj,2013-06-05T15:22:13Z,2016-11-10T14:26:31Z,https://github.com/sudhirj,https://github.com/GoogleCloudPlatform/google-cloud-datastore/issues/5,body placeholder
GCE n1-highcpu-2,V1beta15 updates,paulrossman,2013-08-05T19:30:28Z,2014-06-14T20:31:38Z,https://github.com/paulrossman,https://github.com/chef/knife-google/pull/18,body placeholder
GCE n1-highcpu-2,Manual Service Placement,n3trino,2013-09-06T07:20:55Z,2015-05-14T21:46:19Z,https://github.com/n3trino,https://github.com/AppScale/appscale/issues/717,body placeholder
GCE n1-highcpu-2,x/build/builders: move NetBSD builders to GCE,bradfitz,2014-09-03T23:19:06Z,2017-02-26T22:59:51Z,https://github.com/bradfitz,https://github.com/golang/go/issues/8643,body placeholder
GCE n1-highcpu-2,Tracking issue for compute engine performance,devoncarew,2014-12-29T19:21:48Z,2015-06-11T19:03:38Z,https://github.com/devoncarew,https://github.com/dart-lang/dart-services/issues/25,body placeholder
GCE n1-highcpu-2,builders: run Plan 9 builders on GCE,bradfitz,2015-01-02T23:10:35Z,2016-06-25T01:57:38Z,https://github.com/bradfitz,https://github.com/golang/go/issues/9491,body placeholder
GCE n1-highcpu-2,Consider moving events out of etcd,bgrant0607,2015-02-13T20:54:16Z,2016-02-10T21:19:08Z,https://github.com/bgrant0607,https://github.com/kubernetes/kubernetes/issues/4432,body placeholder
GCE n1-highcpu-2,Make 99% of API calls return in less than 1s; constant time to number of nodes and pods,davidopp,2015-02-18T07:08:09Z,2015-06-19T23:40:05Z,https://github.com/davidopp,https://github.com/kubernetes/kubernetes/issues/4521,body placeholder
GCE n1-highcpu-2,Error creating GCE cluster,jean997,2015-03-10T14:19:40Z,2015-03-17T22:02:05Z,https://github.com/jean997,https://github.com/gc3-uzh-ch/elasticluster/issues/150,body placeholder
GCE n1-highcpu-2,If GCE instance not have public ip, set None.,onigra,2015-03-17T10:43:00Z,2015-07-28T19:07:30Z,https://github.com/onigra,https://github.com/ansible/ansible/pull/10481,body placeholder
GCE n1-highcpu-2,Feature/terraform aws,floriangrundig,2015-05-21T15:14:45Z,2015-05-28T16:01:18Z,https://github.com/floriangrundig,https://github.com/mantl/mantl/pull/328,body placeholder
GCE n1-highcpu-2,Francine hangs up after the following message.,syoyo,2015-05-28T06:21:54Z,2015-05-28T10:36:25Z,https://github.com/syoyo,https://github.com/lighttransport/francine/issues/8,body placeholder
GCE n1-highcpu-2,GCE instance group does not support instances more than 500,syoyo,2015-06-01T08:19:12Z,2015-07-09T06:16:30Z,https://github.com/syoyo,https://github.com/lighttransport/francine/issues/10,body placeholder
GCE n1-highcpu-2,Deploy Hub to GCE instead of OpenShift,Splaktar,2015-08-25T03:17:28Z,2015-09-04T22:41:00Z,https://github.com/Splaktar,https://github.com/gdg-x/hub/issues/43,body placeholder
GCE n1-highcpu-2,Terraform 0.6.1 crashes on destroy when GCE account.json is deleted,siddharthist,2015-09-09T19:39:47Z,2015-09-23T21:56:00Z,https://github.com/siddharthist,https://github.com/hashicorp/terraform/issues/3199,body placeholder
GCE n1-highcpu-2,GCE deployment fails - Wrong Zone Information,saswatp,2015-09-22T22:57:42Z,2015-09-25T16:21:04Z,https://github.com/saswatp,https://github.com/mantl/mantl/issues/710,body placeholder
GCE n1-highcpu-2,journalctl returns `Error was encountered while opening journal files: Invalid argument`,yichengq,2015-10-22T18:54:20Z,2015-11-10T01:54:37Z,https://github.com/yichengq,https://github.com/coreos/bugs/issues/943,body placeholder
GCE n1-highcpu-2,From time to time the database would become unresponsive even though CPU usage is minimal and database r/w is low,mshi,2015-11-04T17:00:49Z,2017-02-15T22:49:12Z,https://github.com/mshi,https://github.com/rethinkdb/rethinkdb/issues/5039,body placeholder
GCE n1-highcpu-2,Project not found when deploying on google cloud,mcapuccini,2016-01-18T15:53:16Z,2016-01-18T16:21:51Z,https://github.com/mcapuccini,https://github.com/mantl/mantl/issues/1002,body placeholder
GCE n1-highcpu-2,Error creating Google Cloud DNS records,mcapuccini,2016-02-03T16:23:37Z,2016-02-05T18:34:35Z,https://github.com/mcapuccini,https://github.com/mantl/mantl/issues/1082,body placeholder
GCE n1-highcpu-2,how to authenticate on a google compute instance?,jasonswearingen,2016-03-18T02:02:58Z,2016-03-18T20:51:25Z,https://github.com/jasonswearingen,https://github.com/GoogleCloudPlatform/google-cloud-node/issues/1169,body placeholder
GCE n1-highcpu-2,NFS example does not work on google container engine.  ,arenoir,2016-04-22T21:12:04Z,2017-04-21T23:08:10Z,https://github.com/arenoir,https://github.com/kubernetes/kubernetes/issues/24687,body placeholder
GCE n1-highcpu-2,runtime: FreeBSD memory corruption involving fork system call,derekmarcotte,2016-05-12T02:24:56Z,2017-04-12T11:51:53Z,https://github.com/derekmarcotte,https://github.com/golang/go/issues/15658,body placeholder
GCE n1-highcpu-2,Unable to obtain > 40 RPS after migrating to our own Parse server,sohagfan,2016-06-10T22:43:33Z,2016-09-03T18:26:26Z,https://github.com/sohagfan,https://github.com/parse-community/parse-server/issues/2030,body placeholder
GCE n1-highcpu-2,WIP: Rework go builds to use a makefile and containerize the entire process.,spxtr,2016-06-21T01:24:50Z,2016-08-19T06:29:11Z,https://github.com/spxtr,https://github.com/kubernetes/kubernetes/pull/27746,body placeholder
GCE n1-highcpu-2,cmd/go: go test -i -compiler=gccgo does not work if gc standard packages are not installed,tamird,2016-08-15T14:35:34Z,2016-08-15T18:07:58Z,https://github.com/tamird,https://github.com/golang/go/issues/16701,body placeholder
GCE n1-highcpu-2,provider/gce: add n1-*-32 instance types,axw,2016-10-03T10:06:37Z,2016-10-05T05:00:48Z,https://github.com/axw,https://github.com/juju/juju/pull/6371,body placeholder
GCE n1-highcpu-2,commitlog_replayer - error replaying: std::bad_alloc (std::bad_alloc),amoskong,2017-02-21T03:37:20Z,2017-03-31T17:22:58Z,https://github.com/amoskong,https://github.com/scylladb/scylla/issues/2098,body placeholder
FED: with s 200
FED: with b [object Object]
FED: with h [object Object]
*************************************
  --> searchterm.  : AWS c3.4xlarge
  --> resultsCount : 30
*************************************

searchTerm,title,user,created,updated,userLink,pageLink,body
AWS c3.4xlarge,Starting c3.4xlarge cluster with HVM image gives cryptic error message,cdoersch,2013-12-27T04:51:06Z,2014-05-29T21:04:30Z,https://github.com/cdoersch,https://github.com/jtriley/StarCluster/issues/353,body placeholder
AWS c3.4xlarge,The I/O performance data for the c3 is incorrect,solomonty,2014-01-15T18:44:21Z,2014-04-20T22:10:38Z,https://github.com/solomonty,https://github.com/powdahound/ec2instances.info/issues/56,body placeholder
AWS c3.4xlarge,assertion failed regarding refcounting in test/slow/objprof/strings.php,rrh,2014-10-07T18:43:28Z,2014-12-10T21:22:00Z,https://github.com/rrh,https://github.com/facebook/hhvm/issues/3920,body placeholder
AWS c3.4xlarge,Page unmapped during discard,michaelcahill,2014-10-30T06:48:24Z,2015-04-09T01:40:46Z,https://github.com/michaelcahill,https://github.com/wiredtiger/wiredtiger/issues/1331,body placeholder
AWS c3.4xlarge,salt-cloud fails for ec2 for query without params,An42Ma,2014-11-20T12:45:38Z,2015-06-16T14:28:42Z,https://github.com/An42Ma,https://github.com/saltstack/salt/issues/18315,body placeholder
AWS c3.4xlarge,Only 11 threads are busy,Fodoj,2014-12-09T13:13:51Z,2014-12-21T02:39:08Z,https://github.com/Fodoj,https://github.com/phstc/shoryuken/issues/23,body placeholder
AWS c3.4xlarge,format: read checksum error,keithbostic,2014-12-12T16:38:14Z,2015-04-09T01:41:03Z,https://github.com/keithbostic,https://github.com/wiredtiger/wiredtiger/issues/1468,body placeholder
AWS c3.4xlarge,format: read_row: row XXX: not found in Berkeley DB, found in WiredTiger,keithbostic,2014-12-15T23:45:22Z,2015-04-09T01:41:04Z,https://github.com/keithbostic,https://github.com/wiredtiger/wiredtiger/issues/1479,body placeholder
AWS c3.4xlarge,Error code 35072,dbaldwin,2014-12-27T00:05:30Z,2016-12-27T15:04:10Z,https://github.com/dbaldwin,https://github.com/OpenDroneMap/OpenDroneMap/issues/28,body placeholder
AWS c3.4xlarge,PypeFlow jobs failing intermittently,johnomics,2015-01-22T12:46:31Z,2015-04-03T04:36:43Z,https://github.com/johnomics,https://github.com/PacificBiosciences/FALCON/issues/12,body placeholder
AWS c3.4xlarge,Bug in Pagination?,dysinger,2015-01-27T20:32:36Z,2015-01-28T08:43:51Z,https://github.com/dysinger,https://github.com/brendanhay/amazonka/issues/73,body placeholder
AWS c3.4xlarge,tumor/normal calling with vardict,rronen,2015-02-12T02:03:06Z,2015-03-02T18:16:51Z,https://github.com/rronen,https://github.com/chapmanb/bcbio-nextgen/issues/756,body placeholder
AWS c3.4xlarge,Add some paranoia,michaelcahill,2015-02-26T05:41:57Z,2015-04-09T01:57:18Z,https://github.com/michaelcahill,https://github.com/wiredtiger/wiredtiger/pull/1707,body placeholder
AWS c3.4xlarge,Maintain list of EC2 instance types and AWS regions,pdehaan,2015-03-06T07:44:52Z,2015-03-07T01:01:33Z,https://github.com/pdehaan,https://github.com/loads/loads-web/issues/60,body placeholder
AWS c3.4xlarge,Add AWS regions and EC2 instance types to front end project builder,pdehaan,2015-03-07T02:00:09Z,2017-01-04T17:07:50Z,https://github.com/pdehaan,https://github.com/loads/loads-web/issues/62,body placeholder
AWS c3.4xlarge,genomeGenerate Aborted with std::bad_malloc,rronen,2015-03-20T17:08:04Z,2015-03-21T01:06:10Z,https://github.com/rronen,https://github.com/alexdobin/STAR/issues/28,body placeholder
AWS c3.4xlarge,Ease deployment process to AWS and Heroku,carlo-rtr,2015-03-31T16:32:54Z,2017-02-13T13:17:53Z,https://github.com/carlo-rtr,https://github.com/dropwizard/dropwizard/issues/965,body placeholder
AWS c3.4xlarge,Uploading files to S3 over SSL is far slower than aws-cli,aaaristo,2015-05-06T12:23:15Z,2015-07-08T21:34:28Z,https://github.com/aaaristo,https://github.com/aws/aws-sdk-js/issues/596,body placeholder
AWS c3.4xlarge,updated ec2 instance types,brendancol,2015-05-08T19:02:25Z,2015-05-10T02:21:19Z,https://github.com/brendancol,https://github.com/apache/spark/pull/6014,body placeholder
AWS c3.4xlarge,Make RF & other models trained with n_jobs > 1 pickleable?,marcuscollins,2015-05-28T05:36:02Z,2015-05-28T17:28:48Z,https://github.com/marcuscollins,https://github.com/scikit-learn/scikit-learn/issues/4782,body placeholder
AWS c3.4xlarge,Add brenda permission to generated SQS queue?,robksawyer,2015-05-29T08:10:02Z,2015-06-18T09:17:06Z,https://github.com/robksawyer,https://github.com/robksawyer/brenda-web/issues/7,body placeholder
AWS c3.4xlarge,Price history not correct?,oyx15,2015-06-04T18:15:07Z,2015-06-05T18:43:07Z,https://github.com/oyx15,https://github.com/boto/boto3/issues/122,body placeholder
AWS c3.4xlarge,Cannot get spot instance prices,caarlos0,2015-09-01T18:58:23Z,2015-09-01T19:04:46Z,https://github.com/caarlos0,https://github.com/aws/aws-sdk-go/issues/369,body placeholder
AWS c3.4xlarge,Error requesting spot instances: InvalidParameterCombination: VPC security groups may not be used for a non-VPC launch,caarlos0,2015-09-02T18:37:10Z,2015-11-14T04:29:25Z,https://github.com/caarlos0,https://github.com/hashicorp/terraform/issues/3154,body placeholder
AWS c3.4xlarge,aws_spot_instance_request tags won't apply to instance,caarlos0,2015-09-17T18:52:53Z,2017-03-06T12:50:48Z,https://github.com/caarlos0,https://github.com/hashicorp/terraform/issues/3263,body placeholder
AWS c3.4xlarge,gossip cannot rejoin a node,gleb-cloudius,2015-09-24T13:27:01Z,2015-10-20T12:18:12Z,https://github.com/gleb-cloudius,https://github.com/scylladb/scylla/issues/403,body placeholder
AWS c3.4xlarge,Scala Hadoop Bad Rows: update README instructions,alexanderdean,2015-12-07T13:41:26Z,2016-04-29T12:57:43Z,https://github.com/alexanderdean,https://github.com/snowplow/snowplow/issues/2230,body placeholder
AWS c3.4xlarge,Validate rack scale instance type input,nzoschke,2016-01-09T17:27:49Z,2016-10-01T18:59:26Z,https://github.com/nzoschke,https://github.com/convox/rack/issues/246,body placeholder
AWS c3.4xlarge,Certain instance types not supported,dtest,2016-01-14T17:01:19Z,2016-02-15T16:57:06Z,https://github.com/dtest,https://github.com/aws/amazon-ecs-cli/issues/64,body placeholder
AWS c3.4xlarge,support t2.nano instances, future unknown instance types,jcphill,2016-01-31T20:50:42Z,2016-11-23T10:04:31Z,https://github.com/jcphill,https://github.com/jtriley/StarCluster/issues/571,body placeholder
FED: with s 200
FED: with b [object Object]
FED: with h [object Object]
*************************************
  --> searchterm.  : AWS c3.2xlarge
  --> resultsCount : 30
*************************************

searchTerm,title,user,created,updated,userLink,pageLink,body
AWS c3.2xlarge,Add block_device_mapping support (cleaned up and re-req'd),MatthaeusHarris,2013-06-12T19:28:10Z,2014-08-01T23:03:07Z,https://github.com/MatthaeusHarris,https://github.com/mitchellh/vagrant-aws/pull/93,body placeholder
AWS c3.2xlarge,The I/O performance data for the c3 is incorrect,solomonty,2014-01-15T18:44:21Z,2014-04-20T22:10:38Z,https://github.com/solomonty,https://github.com/powdahound/ec2instances.info/issues/56,body placeholder
AWS c3.2xlarge,Once Turpentine VCL is applied through admin, Varnish is slow,franciskim,2014-01-17T03:53:59Z,2014-01-31T09:14:45Z,https://github.com/franciskim,https://github.com/nexcess/magento-turpentine/issues/416,body placeholder
AWS c3.2xlarge,Cannot run container on new nodes,cap10morgan,2014-01-27T22:28:10Z,2014-02-08T03:52:50Z,https://github.com/cap10morgan,https://github.com/chef-cookbooks/docker/issues/49,body placeholder
AWS c3.2xlarge,amazon-ebs builder: SSH session goes down after aprox. 10 mins and makes the build fail,sanrodari,2014-02-04T20:48:12Z,2014-03-03T22:14:06Z,https://github.com/sanrodari,https://github.com/hashicorp/packer/issues/872,body placeholder
AWS c3.2xlarge,sync and cp hangs with a large amount of files,moatazelmasry2,2014-02-18T14:28:16Z,2014-08-28T19:41:13Z,https://github.com/moatazelmasry2,https://github.com/aws/aws-cli/issues/657,body placeholder
AWS c3.2xlarge,Consider using IO optimized storage for PostgreSQL storage,imincik,2014-04-07T03:35:08Z,2014-05-01T08:34:07Z,https://github.com/imincik,https://github.com/gislab-npo/gislab/issues/134,body placeholder
AWS c3.2xlarge,Unable to spin up multiple machines in 1.6.1,grichmond04,2014-05-09T16:32:41Z,2014-09-24T16:44:27Z,https://github.com/grichmond04,https://github.com/mitchellh/vagrant/issues/3735,body placeholder
AWS c3.2xlarge,"Error setting devmapper transition ID: Error running setTransactionId" when running many concurrent containers (aufs, docker-in-docker),sqs,2014-05-17T10:15:43Z,2014-05-20T07:45:39Z,https://github.com/sqs,https://github.com/moby/moby/issues/5870,body placeholder
AWS c3.2xlarge,Multiple databases can achieve greater throughput than a single database,agorrod,2014-06-13T07:26:06Z,2015-04-09T01:08:13Z,https://github.com/agorrod,https://github.com/wiredtiger/wiredtiger/issues/1068,body placeholder
AWS c3.2xlarge,ec2_eip module doesn't know public_ip,danvaida,2014-06-17T12:11:21Z,2014-06-19T14:19:49Z,https://github.com/danvaida,https://github.com/ansible/ansible/issues/7803,body placeholder
AWS c3.2xlarge,graylog2-server 0.20.3-1 consumes all memory and hangs,ccastillo-contactpoint,2014-07-02T00:17:01Z,2014-12-04T23:44:29Z,https://github.com/ccastillo-contactpoint,https://github.com/Graylog2/graylog2-server/issues/604,body placeholder
AWS c3.2xlarge,logging to disk latency problem,rndmania,2014-07-31T03:02:07Z,2014-12-16T18:51:38Z,https://github.com/rndmania,https://github.com/winstonjs/winston/issues/428,body placeholder
AWS c3.2xlarge,Fix to re-index logic and to AWS Cluster scripts (two-dot-o branch),snoopdave,2014-08-22T18:46:18Z,2014-08-22T18:49:20Z,https://github.com/snoopdave,https://github.com/apache/usergrid/pull/61,body placeholder
AWS c3.2xlarge,Salt Cloud stacktraces if ami not valid or available,UtahDave,2014-08-27T17:23:19Z,2015-06-09T17:29:18Z,https://github.com/UtahDave,https://github.com/saltstack/salt/issues/15320,body placeholder
AWS c3.2xlarge,More etcd 0.4.6 shenanigans,ianblenke,2014-08-29T18:37:02Z,2014-09-04T22:40:30Z,https://github.com/ianblenke,https://github.com/deis/deis/issues/1737,body placeholder
AWS c3.2xlarge,Shell script fails with permission denied, using sudo,mikkoc,2014-09-11T10:15:23Z,2014-09-11T10:47:23Z,https://github.com/mikkoc,https://github.com/hashicorp/packer/issues/1489,body placeholder
AWS c3.2xlarge,Security Group change/addition in non-VPC EC2 instance should recreate instance,pmoust,2014-09-17T13:01:25Z,2014-10-11T00:15:02Z,https://github.com/pmoust,https://github.com/hashicorp/terraform/issues/299,body placeholder
AWS c3.2xlarge,Boto doesn't remove single-quotes from tag names,amckinley,2014-11-12T21:35:34Z,2014-11-12T21:35:34Z,https://github.com/amckinley,https://github.com/boto/boto/issues/2754,body placeholder
AWS c3.2xlarge,Terraform crash ,spyrospph,2014-11-13T14:12:40Z,2014-12-23T11:52:49Z,https://github.com/spyrospph,https://github.com/hashicorp/terraform/issues/562,body placeholder
AWS c3.2xlarge,providers/aws: Non-BC changes from 0.3.5 to upstream,pmoust,2014-12-16T15:11:56Z,2014-12-26T05:40:24Z,https://github.com/pmoust,https://github.com/hashicorp/terraform/issues/684,body placeholder
AWS c3.2xlarge,HazelcastSerializationException  java.io.UTFDataFormatException,Danny-Hazelcast,2014-12-18T15:51:37Z,2015-05-12T20:24:54Z,https://github.com/Danny-Hazelcast,https://github.com/hazelcast/hazelcast/issues/4327,body placeholder
AWS c3.2xlarge,3.4 test Stabilizer-Large, Client generated hs_err_pid.log,Danny-Hazelcast,2014-12-20T08:11:05Z,2014-12-31T09:55:21Z,https://github.com/Danny-Hazelcast,https://github.com/hazelcast/hazelcast/issues/4338,body placeholder
AWS c3.2xlarge,Error code 35072,dbaldwin,2014-12-27T00:05:30Z,2016-12-27T15:04:10Z,https://github.com/dbaldwin,https://github.com/OpenDroneMap/OpenDroneMap/issues/28,body placeholder
AWS c3.2xlarge,PHP session handler,skynet,2015-01-01T18:27:26Z,2015-03-19T17:05:54Z,https://github.com/skynet,https://github.com/aerospike/aerospike-client-php/issues/11,body placeholder
AWS c3.2xlarge,MIP solver?,JesseJenkins,2015-01-08T21:26:07Z,2017-01-13T02:35:29Z,https://github.com/JesseJenkins,https://github.com/JuliaCloud/JuliaBox/issues/181,body placeholder
AWS c3.2xlarge,Fixes secgroup return for EC2-VPC,claudiupopescu,2015-01-16T08:21:29Z,2015-01-25T06:56:42Z,https://github.com/claudiupopescu,https://github.com/saltstack/salt/pull/19782,body placeholder
AWS c3.2xlarge,Bug in Pagination?,dysinger,2015-01-27T20:32:36Z,2015-01-28T08:43:51Z,https://github.com/dysinger,https://github.com/brendanhay/amazonka/issues/73,body placeholder
AWS c3.2xlarge,Ice totals off,ckelner,2015-02-03T18:25:58Z,2016-06-10T18:08:57Z,https://github.com/ckelner,https://github.com/Netflix/ice/issues/143,body placeholder
AWS c3.2xlarge,File streaming problems from s3?,rronen,2015-02-03T20:17:17Z,2015-02-16T06:55:36Z,https://github.com/rronen,https://github.com/chapmanb/bcbio-nextgen/issues/744,body placeholder
